[2024-07-26T00:00:22.551+0000] {processor.py:161} INFO - Started process (PID=1184) to work on /opt/airflow/dags/dbt_dag.py
[2024-07-26T00:00:22.552+0000] {processor.py:830} INFO - Processing file /opt/airflow/dags/dbt_dag.py for tasks to queue
[2024-07-26T00:00:22.555+0000] {logging_mixin.py:188} INFO - [2024-07-26T00:00:22.555+0000] {dagbag.py:540} INFO - Filling up the DagBag from /opt/airflow/dags/dbt_dag.py
[2024-07-26T00:00:22.562+0000] {processor.py:840} INFO - DAG(s) 'dbt_job' retrieved from /opt/airflow/dags/dbt_dag.py
[2024-07-26T00:00:22.594+0000] {logging_mixin.py:188} INFO - [2024-07-26T00:00:22.593+0000] {dag.py:3047} INFO - Sync 1 DAGs
[2024-07-26T00:00:22.609+0000] {logging_mixin.py:188} INFO - [2024-07-26T00:00:22.609+0000] {dag.py:3834} INFO - Setting next_dagrun for dbt_job to None, run_after=None
[2024-07-26T00:00:22.629+0000] {processor.py:183} INFO - Processing /opt/airflow/dags/dbt_dag.py took 0.084 seconds
[2024-07-26T00:00:52.790+0000] {processor.py:161} INFO - Started process (PID=1193) to work on /opt/airflow/dags/dbt_dag.py
[2024-07-26T00:00:52.792+0000] {processor.py:830} INFO - Processing file /opt/airflow/dags/dbt_dag.py for tasks to queue
[2024-07-26T00:00:52.795+0000] {logging_mixin.py:188} INFO - [2024-07-26T00:00:52.794+0000] {dagbag.py:540} INFO - Filling up the DagBag from /opt/airflow/dags/dbt_dag.py
[2024-07-26T00:00:52.802+0000] {processor.py:840} INFO - DAG(s) 'dbt_job' retrieved from /opt/airflow/dags/dbt_dag.py
[2024-07-26T00:00:52.832+0000] {logging_mixin.py:188} INFO - [2024-07-26T00:00:52.831+0000] {dag.py:3047} INFO - Sync 1 DAGs
[2024-07-26T00:00:52.846+0000] {logging_mixin.py:188} INFO - [2024-07-26T00:00:52.846+0000] {dag.py:3834} INFO - Setting next_dagrun for dbt_job to None, run_after=None
[2024-07-26T00:00:52.869+0000] {processor.py:183} INFO - Processing /opt/airflow/dags/dbt_dag.py took 0.085 seconds
[2024-07-26T00:01:23.068+0000] {processor.py:161} INFO - Started process (PID=1200) to work on /opt/airflow/dags/dbt_dag.py
[2024-07-26T00:01:23.070+0000] {processor.py:830} INFO - Processing file /opt/airflow/dags/dbt_dag.py for tasks to queue
[2024-07-26T00:01:23.073+0000] {logging_mixin.py:188} INFO - [2024-07-26T00:01:23.073+0000] {dagbag.py:540} INFO - Filling up the DagBag from /opt/airflow/dags/dbt_dag.py
[2024-07-26T00:01:23.081+0000] {processor.py:840} INFO - DAG(s) 'dbt_job' retrieved from /opt/airflow/dags/dbt_dag.py
[2024-07-26T00:01:23.108+0000] {logging_mixin.py:188} INFO - [2024-07-26T00:01:23.107+0000] {dag.py:3047} INFO - Sync 1 DAGs
[2024-07-26T00:01:23.123+0000] {logging_mixin.py:188} INFO - [2024-07-26T00:01:23.122+0000] {dag.py:3834} INFO - Setting next_dagrun for dbt_job to None, run_after=None
[2024-07-26T00:01:23.143+0000] {processor.py:183} INFO - Processing /opt/airflow/dags/dbt_dag.py took 0.080 seconds
[2024-07-26T00:01:53.310+0000] {processor.py:161} INFO - Started process (PID=1208) to work on /opt/airflow/dags/dbt_dag.py
[2024-07-26T00:01:53.312+0000] {processor.py:830} INFO - Processing file /opt/airflow/dags/dbt_dag.py for tasks to queue
[2024-07-26T00:01:53.315+0000] {logging_mixin.py:188} INFO - [2024-07-26T00:01:53.314+0000] {dagbag.py:540} INFO - Filling up the DagBag from /opt/airflow/dags/dbt_dag.py
[2024-07-26T00:01:53.322+0000] {processor.py:840} INFO - DAG(s) 'dbt_job' retrieved from /opt/airflow/dags/dbt_dag.py
[2024-07-26T00:01:53.348+0000] {logging_mixin.py:188} INFO - [2024-07-26T00:01:53.348+0000] {dag.py:3047} INFO - Sync 1 DAGs
[2024-07-26T00:01:53.362+0000] {logging_mixin.py:188} INFO - [2024-07-26T00:01:53.361+0000] {dag.py:3834} INFO - Setting next_dagrun for dbt_job to None, run_after=None
[2024-07-26T00:01:53.379+0000] {processor.py:183} INFO - Processing /opt/airflow/dags/dbt_dag.py took 0.075 seconds
[2024-07-26T00:02:23.540+0000] {processor.py:161} INFO - Started process (PID=1216) to work on /opt/airflow/dags/dbt_dag.py
[2024-07-26T00:02:23.542+0000] {processor.py:830} INFO - Processing file /opt/airflow/dags/dbt_dag.py for tasks to queue
[2024-07-26T00:02:23.545+0000] {logging_mixin.py:188} INFO - [2024-07-26T00:02:23.545+0000] {dagbag.py:540} INFO - Filling up the DagBag from /opt/airflow/dags/dbt_dag.py
[2024-07-26T00:02:23.553+0000] {processor.py:840} INFO - DAG(s) 'dbt_job' retrieved from /opt/airflow/dags/dbt_dag.py
[2024-07-26T00:02:23.580+0000] {logging_mixin.py:188} INFO - [2024-07-26T00:02:23.579+0000] {dag.py:3047} INFO - Sync 1 DAGs
[2024-07-26T00:02:23.593+0000] {logging_mixin.py:188} INFO - [2024-07-26T00:02:23.593+0000] {dag.py:3834} INFO - Setting next_dagrun for dbt_job to None, run_after=None
[2024-07-26T00:02:23.614+0000] {processor.py:183} INFO - Processing /opt/airflow/dags/dbt_dag.py took 0.080 seconds
[2024-07-26T00:02:53.778+0000] {processor.py:161} INFO - Started process (PID=1224) to work on /opt/airflow/dags/dbt_dag.py
[2024-07-26T00:02:53.780+0000] {processor.py:830} INFO - Processing file /opt/airflow/dags/dbt_dag.py for tasks to queue
[2024-07-26T00:02:53.782+0000] {logging_mixin.py:188} INFO - [2024-07-26T00:02:53.782+0000] {dagbag.py:540} INFO - Filling up the DagBag from /opt/airflow/dags/dbt_dag.py
[2024-07-26T00:02:53.790+0000] {processor.py:840} INFO - DAG(s) 'dbt_job' retrieved from /opt/airflow/dags/dbt_dag.py
[2024-07-26T00:02:53.819+0000] {logging_mixin.py:188} INFO - [2024-07-26T00:02:53.819+0000] {dag.py:3047} INFO - Sync 1 DAGs
[2024-07-26T00:02:53.833+0000] {logging_mixin.py:188} INFO - [2024-07-26T00:02:53.833+0000] {dag.py:3834} INFO - Setting next_dagrun for dbt_job to None, run_after=None
[2024-07-26T00:02:53.853+0000] {processor.py:183} INFO - Processing /opt/airflow/dags/dbt_dag.py took 0.080 seconds
[2024-07-26T00:03:24.011+0000] {processor.py:161} INFO - Started process (PID=1233) to work on /opt/airflow/dags/dbt_dag.py
[2024-07-26T00:03:24.015+0000] {processor.py:830} INFO - Processing file /opt/airflow/dags/dbt_dag.py for tasks to queue
[2024-07-26T00:03:24.018+0000] {logging_mixin.py:188} INFO - [2024-07-26T00:03:24.017+0000] {dagbag.py:540} INFO - Filling up the DagBag from /opt/airflow/dags/dbt_dag.py
[2024-07-26T00:03:24.029+0000] {processor.py:840} INFO - DAG(s) 'dbt_job' retrieved from /opt/airflow/dags/dbt_dag.py
[2024-07-26T00:03:24.058+0000] {logging_mixin.py:188} INFO - [2024-07-26T00:03:24.057+0000] {dag.py:3047} INFO - Sync 1 DAGs
[2024-07-26T00:03:24.072+0000] {logging_mixin.py:188} INFO - [2024-07-26T00:03:24.071+0000] {dag.py:3834} INFO - Setting next_dagrun for dbt_job to None, run_after=None
[2024-07-26T00:03:24.091+0000] {processor.py:183} INFO - Processing /opt/airflow/dags/dbt_dag.py took 0.086 seconds
[2024-07-26T00:03:54.265+0000] {processor.py:161} INFO - Started process (PID=1241) to work on /opt/airflow/dags/dbt_dag.py
[2024-07-26T00:03:54.267+0000] {processor.py:830} INFO - Processing file /opt/airflow/dags/dbt_dag.py for tasks to queue
[2024-07-26T00:03:54.271+0000] {logging_mixin.py:188} INFO - [2024-07-26T00:03:54.270+0000] {dagbag.py:540} INFO - Filling up the DagBag from /opt/airflow/dags/dbt_dag.py
[2024-07-26T00:03:54.278+0000] {processor.py:840} INFO - DAG(s) 'dbt_job' retrieved from /opt/airflow/dags/dbt_dag.py
[2024-07-26T00:03:54.310+0000] {logging_mixin.py:188} INFO - [2024-07-26T00:03:54.310+0000] {dag.py:3047} INFO - Sync 1 DAGs
[2024-07-26T00:03:54.326+0000] {logging_mixin.py:188} INFO - [2024-07-26T00:03:54.325+0000] {dag.py:3834} INFO - Setting next_dagrun for dbt_job to None, run_after=None
[2024-07-26T00:03:54.347+0000] {processor.py:183} INFO - Processing /opt/airflow/dags/dbt_dag.py took 0.087 seconds
[2024-07-26T00:04:24.516+0000] {processor.py:161} INFO - Started process (PID=1250) to work on /opt/airflow/dags/dbt_dag.py
[2024-07-26T00:04:24.519+0000] {processor.py:830} INFO - Processing file /opt/airflow/dags/dbt_dag.py for tasks to queue
[2024-07-26T00:04:24.522+0000] {logging_mixin.py:188} INFO - [2024-07-26T00:04:24.522+0000] {dagbag.py:540} INFO - Filling up the DagBag from /opt/airflow/dags/dbt_dag.py
[2024-07-26T00:04:24.530+0000] {processor.py:840} INFO - DAG(s) 'dbt_job' retrieved from /opt/airflow/dags/dbt_dag.py
[2024-07-26T00:04:24.558+0000] {logging_mixin.py:188} INFO - [2024-07-26T00:04:24.557+0000] {dag.py:3047} INFO - Sync 1 DAGs
[2024-07-26T00:04:24.572+0000] {logging_mixin.py:188} INFO - [2024-07-26T00:04:24.572+0000] {dag.py:3834} INFO - Setting next_dagrun for dbt_job to None, run_after=None
[2024-07-26T00:04:24.592+0000] {processor.py:183} INFO - Processing /opt/airflow/dags/dbt_dag.py took 0.080 seconds
[2024-07-26T00:04:54.756+0000] {processor.py:161} INFO - Started process (PID=1258) to work on /opt/airflow/dags/dbt_dag.py
[2024-07-26T00:04:54.758+0000] {processor.py:830} INFO - Processing file /opt/airflow/dags/dbt_dag.py for tasks to queue
[2024-07-26T00:04:54.762+0000] {logging_mixin.py:188} INFO - [2024-07-26T00:04:54.761+0000] {dagbag.py:540} INFO - Filling up the DagBag from /opt/airflow/dags/dbt_dag.py
[2024-07-26T00:04:54.769+0000] {processor.py:840} INFO - DAG(s) 'dbt_job' retrieved from /opt/airflow/dags/dbt_dag.py
[2024-07-26T00:04:54.800+0000] {logging_mixin.py:188} INFO - [2024-07-26T00:04:54.799+0000] {dag.py:3047} INFO - Sync 1 DAGs
[2024-07-26T00:04:54.813+0000] {logging_mixin.py:188} INFO - [2024-07-26T00:04:54.813+0000] {dag.py:3834} INFO - Setting next_dagrun for dbt_job to None, run_after=None
[2024-07-26T00:04:54.832+0000] {processor.py:183} INFO - Processing /opt/airflow/dags/dbt_dag.py took 0.081 seconds
[2024-07-26T00:05:24.996+0000] {processor.py:161} INFO - Started process (PID=1267) to work on /opt/airflow/dags/dbt_dag.py
[2024-07-26T00:05:24.999+0000] {processor.py:830} INFO - Processing file /opt/airflow/dags/dbt_dag.py for tasks to queue
[2024-07-26T00:05:25.002+0000] {logging_mixin.py:188} INFO - [2024-07-26T00:05:25.002+0000] {dagbag.py:540} INFO - Filling up the DagBag from /opt/airflow/dags/dbt_dag.py
[2024-07-26T00:05:25.011+0000] {processor.py:840} INFO - DAG(s) 'dbt_job' retrieved from /opt/airflow/dags/dbt_dag.py
[2024-07-26T00:05:25.056+0000] {logging_mixin.py:188} INFO - [2024-07-26T00:05:25.055+0000] {dag.py:3047} INFO - Sync 1 DAGs
[2024-07-26T00:05:25.077+0000] {logging_mixin.py:188} INFO - [2024-07-26T00:05:25.076+0000] {dag.py:3834} INFO - Setting next_dagrun for dbt_job to None, run_after=None
[2024-07-26T00:05:25.104+0000] {processor.py:183} INFO - Processing /opt/airflow/dags/dbt_dag.py took 0.115 seconds
[2024-07-26T00:05:55.280+0000] {processor.py:161} INFO - Started process (PID=1276) to work on /opt/airflow/dags/dbt_dag.py
[2024-07-26T00:05:55.282+0000] {processor.py:830} INFO - Processing file /opt/airflow/dags/dbt_dag.py for tasks to queue
[2024-07-26T00:05:55.285+0000] {logging_mixin.py:188} INFO - [2024-07-26T00:05:55.285+0000] {dagbag.py:540} INFO - Filling up the DagBag from /opt/airflow/dags/dbt_dag.py
[2024-07-26T00:05:55.292+0000] {processor.py:840} INFO - DAG(s) 'dbt_job' retrieved from /opt/airflow/dags/dbt_dag.py
[2024-07-26T00:05:55.321+0000] {logging_mixin.py:188} INFO - [2024-07-26T00:05:55.320+0000] {dag.py:3047} INFO - Sync 1 DAGs
[2024-07-26T00:05:55.336+0000] {logging_mixin.py:188} INFO - [2024-07-26T00:05:55.336+0000] {dag.py:3834} INFO - Setting next_dagrun for dbt_job to None, run_after=None
[2024-07-26T00:05:55.356+0000] {processor.py:183} INFO - Processing /opt/airflow/dags/dbt_dag.py took 0.081 seconds
[2024-07-26T00:06:25.561+0000] {processor.py:161} INFO - Started process (PID=1284) to work on /opt/airflow/dags/dbt_dag.py
[2024-07-26T00:06:25.564+0000] {processor.py:830} INFO - Processing file /opt/airflow/dags/dbt_dag.py for tasks to queue
[2024-07-26T00:06:25.568+0000] {logging_mixin.py:188} INFO - [2024-07-26T00:06:25.568+0000] {dagbag.py:540} INFO - Filling up the DagBag from /opt/airflow/dags/dbt_dag.py
[2024-07-26T00:06:25.578+0000] {processor.py:840} INFO - DAG(s) 'dbt_job' retrieved from /opt/airflow/dags/dbt_dag.py
[2024-07-26T00:06:25.614+0000] {logging_mixin.py:188} INFO - [2024-07-26T00:06:25.614+0000] {dag.py:3047} INFO - Sync 1 DAGs
[2024-07-26T00:06:25.635+0000] {logging_mixin.py:188} INFO - [2024-07-26T00:06:25.634+0000] {dag.py:3834} INFO - Setting next_dagrun for dbt_job to None, run_after=None
[2024-07-26T00:06:25.661+0000] {processor.py:183} INFO - Processing /opt/airflow/dags/dbt_dag.py took 0.104 seconds
[2024-07-26T00:06:55.710+0000] {processor.py:161} INFO - Started process (PID=1293) to work on /opt/airflow/dags/dbt_dag.py
[2024-07-26T00:06:55.712+0000] {processor.py:830} INFO - Processing file /opt/airflow/dags/dbt_dag.py for tasks to queue
[2024-07-26T00:06:55.715+0000] {logging_mixin.py:188} INFO - [2024-07-26T00:06:55.714+0000] {dagbag.py:540} INFO - Filling up the DagBag from /opt/airflow/dags/dbt_dag.py
[2024-07-26T00:06:55.723+0000] {processor.py:840} INFO - DAG(s) 'dbt_job' retrieved from /opt/airflow/dags/dbt_dag.py
[2024-07-26T00:06:55.751+0000] {logging_mixin.py:188} INFO - [2024-07-26T00:06:55.751+0000] {dag.py:3047} INFO - Sync 1 DAGs
[2024-07-26T00:06:55.765+0000] {logging_mixin.py:188} INFO - [2024-07-26T00:06:55.764+0000] {dag.py:3834} INFO - Setting next_dagrun for dbt_job to None, run_after=None
[2024-07-26T00:06:55.786+0000] {processor.py:183} INFO - Processing /opt/airflow/dags/dbt_dag.py took 0.082 seconds
[2024-07-26T00:07:25.951+0000] {processor.py:161} INFO - Started process (PID=1302) to work on /opt/airflow/dags/dbt_dag.py
[2024-07-26T00:07:25.953+0000] {processor.py:830} INFO - Processing file /opt/airflow/dags/dbt_dag.py for tasks to queue
[2024-07-26T00:07:25.956+0000] {logging_mixin.py:188} INFO - [2024-07-26T00:07:25.956+0000] {dagbag.py:540} INFO - Filling up the DagBag from /opt/airflow/dags/dbt_dag.py
[2024-07-26T00:07:25.964+0000] {processor.py:840} INFO - DAG(s) 'dbt_job' retrieved from /opt/airflow/dags/dbt_dag.py
[2024-07-26T00:07:25.992+0000] {logging_mixin.py:188} INFO - [2024-07-26T00:07:25.992+0000] {dag.py:3047} INFO - Sync 1 DAGs
[2024-07-26T00:07:26.009+0000] {logging_mixin.py:188} INFO - [2024-07-26T00:07:26.008+0000] {dag.py:3834} INFO - Setting next_dagrun for dbt_job to None, run_after=None
[2024-07-26T00:07:26.028+0000] {processor.py:183} INFO - Processing /opt/airflow/dags/dbt_dag.py took 0.081 seconds
[2024-07-26T00:07:56.192+0000] {processor.py:161} INFO - Started process (PID=1311) to work on /opt/airflow/dags/dbt_dag.py
[2024-07-26T00:07:56.193+0000] {processor.py:830} INFO - Processing file /opt/airflow/dags/dbt_dag.py for tasks to queue
[2024-07-26T00:07:56.196+0000] {logging_mixin.py:188} INFO - [2024-07-26T00:07:56.196+0000] {dagbag.py:540} INFO - Filling up the DagBag from /opt/airflow/dags/dbt_dag.py
[2024-07-26T00:07:56.204+0000] {processor.py:840} INFO - DAG(s) 'dbt_job' retrieved from /opt/airflow/dags/dbt_dag.py
[2024-07-26T00:07:56.233+0000] {logging_mixin.py:188} INFO - [2024-07-26T00:07:56.233+0000] {dag.py:3047} INFO - Sync 1 DAGs
[2024-07-26T00:07:56.248+0000] {logging_mixin.py:188} INFO - [2024-07-26T00:07:56.248+0000] {dag.py:3834} INFO - Setting next_dagrun for dbt_job to None, run_after=None
[2024-07-26T00:07:56.270+0000] {processor.py:183} INFO - Processing /opt/airflow/dags/dbt_dag.py took 0.082 seconds
[2024-07-26T00:08:26.448+0000] {processor.py:161} INFO - Started process (PID=1320) to work on /opt/airflow/dags/dbt_dag.py
[2024-07-26T00:08:26.450+0000] {processor.py:830} INFO - Processing file /opt/airflow/dags/dbt_dag.py for tasks to queue
[2024-07-26T00:08:26.454+0000] {logging_mixin.py:188} INFO - [2024-07-26T00:08:26.452+0000] {dagbag.py:540} INFO - Filling up the DagBag from /opt/airflow/dags/dbt_dag.py
[2024-07-26T00:08:26.461+0000] {processor.py:840} INFO - DAG(s) 'dbt_job' retrieved from /opt/airflow/dags/dbt_dag.py
[2024-07-26T00:08:26.489+0000] {logging_mixin.py:188} INFO - [2024-07-26T00:08:26.489+0000] {dag.py:3047} INFO - Sync 1 DAGs
[2024-07-26T00:08:26.506+0000] {logging_mixin.py:188} INFO - [2024-07-26T00:08:26.505+0000] {dag.py:3834} INFO - Setting next_dagrun for dbt_job to None, run_after=None
[2024-07-26T00:08:26.525+0000] {processor.py:183} INFO - Processing /opt/airflow/dags/dbt_dag.py took 0.082 seconds
[2024-07-26T00:08:56.688+0000] {processor.py:161} INFO - Started process (PID=1328) to work on /opt/airflow/dags/dbt_dag.py
[2024-07-26T00:08:56.690+0000] {processor.py:830} INFO - Processing file /opt/airflow/dags/dbt_dag.py for tasks to queue
[2024-07-26T00:08:56.693+0000] {logging_mixin.py:188} INFO - [2024-07-26T00:08:56.693+0000] {dagbag.py:540} INFO - Filling up the DagBag from /opt/airflow/dags/dbt_dag.py
[2024-07-26T00:08:56.700+0000] {processor.py:840} INFO - DAG(s) 'dbt_job' retrieved from /opt/airflow/dags/dbt_dag.py
[2024-07-26T00:08:56.729+0000] {logging_mixin.py:188} INFO - [2024-07-26T00:08:56.729+0000] {dag.py:3047} INFO - Sync 1 DAGs
[2024-07-26T00:08:56.743+0000] {logging_mixin.py:188} INFO - [2024-07-26T00:08:56.742+0000] {dag.py:3834} INFO - Setting next_dagrun for dbt_job to None, run_after=None
[2024-07-26T00:08:56.761+0000] {processor.py:183} INFO - Processing /opt/airflow/dags/dbt_dag.py took 0.078 seconds
[2024-07-26T00:09:26.923+0000] {processor.py:161} INFO - Started process (PID=1337) to work on /opt/airflow/dags/dbt_dag.py
[2024-07-26T00:09:26.927+0000] {processor.py:830} INFO - Processing file /opt/airflow/dags/dbt_dag.py for tasks to queue
[2024-07-26T00:09:26.931+0000] {logging_mixin.py:188} INFO - [2024-07-26T00:09:26.930+0000] {dagbag.py:540} INFO - Filling up the DagBag from /opt/airflow/dags/dbt_dag.py
[2024-07-26T00:09:26.939+0000] {processor.py:840} INFO - DAG(s) 'dbt_job' retrieved from /opt/airflow/dags/dbt_dag.py
[2024-07-26T00:09:26.968+0000] {logging_mixin.py:188} INFO - [2024-07-26T00:09:26.968+0000] {dag.py:3047} INFO - Sync 1 DAGs
[2024-07-26T00:09:26.987+0000] {logging_mixin.py:188} INFO - [2024-07-26T00:09:26.986+0000] {dag.py:3834} INFO - Setting next_dagrun for dbt_job to None, run_after=None
[2024-07-26T00:09:27.007+0000] {processor.py:183} INFO - Processing /opt/airflow/dags/dbt_dag.py took 0.089 seconds
[2024-07-26T00:09:57.172+0000] {processor.py:161} INFO - Started process (PID=1345) to work on /opt/airflow/dags/dbt_dag.py
[2024-07-26T00:09:57.174+0000] {processor.py:830} INFO - Processing file /opt/airflow/dags/dbt_dag.py for tasks to queue
[2024-07-26T00:09:57.177+0000] {logging_mixin.py:188} INFO - [2024-07-26T00:09:57.177+0000] {dagbag.py:540} INFO - Filling up the DagBag from /opt/airflow/dags/dbt_dag.py
[2024-07-26T00:09:57.184+0000] {processor.py:840} INFO - DAG(s) 'dbt_job' retrieved from /opt/airflow/dags/dbt_dag.py
[2024-07-26T00:09:57.210+0000] {logging_mixin.py:188} INFO - [2024-07-26T00:09:57.210+0000] {dag.py:3047} INFO - Sync 1 DAGs
[2024-07-26T00:09:57.224+0000] {logging_mixin.py:188} INFO - [2024-07-26T00:09:57.224+0000] {dag.py:3834} INFO - Setting next_dagrun for dbt_job to None, run_after=None
[2024-07-26T00:09:57.244+0000] {processor.py:183} INFO - Processing /opt/airflow/dags/dbt_dag.py took 0.077 seconds
[2024-07-26T00:10:24.392+0000] {processor.py:161} INFO - Started process (PID=1354) to work on /opt/airflow/dags/dbt_dag.py
[2024-07-26T00:10:24.393+0000] {processor.py:830} INFO - Processing file /opt/airflow/dags/dbt_dag.py for tasks to queue
[2024-07-26T00:10:24.396+0000] {logging_mixin.py:188} INFO - [2024-07-26T00:10:24.396+0000] {dagbag.py:540} INFO - Filling up the DagBag from /opt/airflow/dags/dbt_dag.py
[2024-07-26T00:10:24.406+0000] {processor.py:840} INFO - DAG(s) 'dbt_job' retrieved from /opt/airflow/dags/dbt_dag.py
[2024-07-26T00:10:24.490+0000] {logging_mixin.py:188} INFO - [2024-07-26T00:10:24.490+0000] {dag.py:3047} INFO - Sync 1 DAGs
[2024-07-26T00:10:24.502+0000] {logging_mixin.py:188} INFO - [2024-07-26T00:10:24.502+0000] {dag.py:3834} INFO - Setting next_dagrun for dbt_job to None, run_after=None
[2024-07-26T00:10:24.526+0000] {processor.py:183} INFO - Processing /opt/airflow/dags/dbt_dag.py took 0.141 seconds
[2024-07-26T00:10:54.643+0000] {processor.py:161} INFO - Started process (PID=1362) to work on /opt/airflow/dags/dbt_dag.py
[2024-07-26T00:10:54.646+0000] {processor.py:830} INFO - Processing file /opt/airflow/dags/dbt_dag.py for tasks to queue
[2024-07-26T00:10:54.650+0000] {logging_mixin.py:188} INFO - [2024-07-26T00:10:54.649+0000] {dagbag.py:540} INFO - Filling up the DagBag from /opt/airflow/dags/dbt_dag.py
[2024-07-26T00:10:54.660+0000] {processor.py:840} INFO - DAG(s) 'dbt_job' retrieved from /opt/airflow/dags/dbt_dag.py
[2024-07-26T00:10:54.698+0000] {logging_mixin.py:188} INFO - [2024-07-26T00:10:54.698+0000] {dag.py:3047} INFO - Sync 1 DAGs
[2024-07-26T00:10:54.718+0000] {logging_mixin.py:188} INFO - [2024-07-26T00:10:54.718+0000] {dag.py:3834} INFO - Setting next_dagrun for dbt_job to None, run_after=None
[2024-07-26T00:10:54.745+0000] {processor.py:183} INFO - Processing /opt/airflow/dags/dbt_dag.py took 0.108 seconds
[2024-07-26T00:11:24.802+0000] {processor.py:161} INFO - Started process (PID=1370) to work on /opt/airflow/dags/dbt_dag.py
[2024-07-26T00:11:24.804+0000] {processor.py:830} INFO - Processing file /opt/airflow/dags/dbt_dag.py for tasks to queue
[2024-07-26T00:11:24.807+0000] {logging_mixin.py:188} INFO - [2024-07-26T00:11:24.806+0000] {dagbag.py:540} INFO - Filling up the DagBag from /opt/airflow/dags/dbt_dag.py
[2024-07-26T00:11:24.814+0000] {processor.py:840} INFO - DAG(s) 'dbt_job' retrieved from /opt/airflow/dags/dbt_dag.py
[2024-07-26T00:11:24.843+0000] {logging_mixin.py:188} INFO - [2024-07-26T00:11:24.843+0000] {dag.py:3047} INFO - Sync 1 DAGs
[2024-07-26T00:11:24.859+0000] {logging_mixin.py:188} INFO - [2024-07-26T00:11:24.858+0000] {dag.py:3834} INFO - Setting next_dagrun for dbt_job to None, run_after=None
[2024-07-26T00:11:24.878+0000] {processor.py:183} INFO - Processing /opt/airflow/dags/dbt_dag.py took 0.081 seconds
[2024-07-26T00:11:55.040+0000] {processor.py:161} INFO - Started process (PID=1379) to work on /opt/airflow/dags/dbt_dag.py
[2024-07-26T00:11:55.041+0000] {processor.py:830} INFO - Processing file /opt/airflow/dags/dbt_dag.py for tasks to queue
[2024-07-26T00:11:55.044+0000] {logging_mixin.py:188} INFO - [2024-07-26T00:11:55.044+0000] {dagbag.py:540} INFO - Filling up the DagBag from /opt/airflow/dags/dbt_dag.py
[2024-07-26T00:11:55.052+0000] {processor.py:840} INFO - DAG(s) 'dbt_job' retrieved from /opt/airflow/dags/dbt_dag.py
[2024-07-26T00:11:55.084+0000] {logging_mixin.py:188} INFO - [2024-07-26T00:11:55.083+0000] {dag.py:3047} INFO - Sync 1 DAGs
[2024-07-26T00:11:55.098+0000] {logging_mixin.py:188} INFO - [2024-07-26T00:11:55.097+0000] {dag.py:3834} INFO - Setting next_dagrun for dbt_job to None, run_after=None
[2024-07-26T00:11:55.119+0000] {processor.py:183} INFO - Processing /opt/airflow/dags/dbt_dag.py took 0.083 seconds
[2024-07-26T00:12:25.300+0000] {processor.py:161} INFO - Started process (PID=1387) to work on /opt/airflow/dags/dbt_dag.py
[2024-07-26T00:12:25.303+0000] {processor.py:830} INFO - Processing file /opt/airflow/dags/dbt_dag.py for tasks to queue
[2024-07-26T00:12:25.307+0000] {logging_mixin.py:188} INFO - [2024-07-26T00:12:25.306+0000] {dagbag.py:540} INFO - Filling up the DagBag from /opt/airflow/dags/dbt_dag.py
[2024-07-26T00:12:25.316+0000] {processor.py:840} INFO - DAG(s) 'dbt_job' retrieved from /opt/airflow/dags/dbt_dag.py
[2024-07-26T00:12:25.352+0000] {logging_mixin.py:188} INFO - [2024-07-26T00:12:25.351+0000] {dag.py:3047} INFO - Sync 1 DAGs
[2024-07-26T00:12:25.376+0000] {logging_mixin.py:188} INFO - [2024-07-26T00:12:25.376+0000] {dag.py:3834} INFO - Setting next_dagrun for dbt_job to None, run_after=None
[2024-07-26T00:12:25.403+0000] {processor.py:183} INFO - Processing /opt/airflow/dags/dbt_dag.py took 0.110 seconds
[2024-07-26T00:12:55.571+0000] {processor.py:161} INFO - Started process (PID=1395) to work on /opt/airflow/dags/dbt_dag.py
[2024-07-26T00:12:55.573+0000] {processor.py:830} INFO - Processing file /opt/airflow/dags/dbt_dag.py for tasks to queue
[2024-07-26T00:12:55.577+0000] {logging_mixin.py:188} INFO - [2024-07-26T00:12:55.576+0000] {dagbag.py:540} INFO - Filling up the DagBag from /opt/airflow/dags/dbt_dag.py
[2024-07-26T00:12:55.587+0000] {processor.py:840} INFO - DAG(s) 'dbt_job' retrieved from /opt/airflow/dags/dbt_dag.py
[2024-07-26T00:12:55.632+0000] {logging_mixin.py:188} INFO - [2024-07-26T00:12:55.631+0000] {dag.py:3047} INFO - Sync 1 DAGs
[2024-07-26T00:12:55.653+0000] {logging_mixin.py:188} INFO - [2024-07-26T00:12:55.652+0000] {dag.py:3834} INFO - Setting next_dagrun for dbt_job to None, run_after=None
[2024-07-26T00:12:55.687+0000] {processor.py:183} INFO - Processing /opt/airflow/dags/dbt_dag.py took 0.122 seconds
[2024-07-26T00:13:25.752+0000] {processor.py:161} INFO - Started process (PID=1404) to work on /opt/airflow/dags/dbt_dag.py
[2024-07-26T00:13:25.764+0000] {processor.py:830} INFO - Processing file /opt/airflow/dags/dbt_dag.py for tasks to queue
[2024-07-26T00:13:25.768+0000] {logging_mixin.py:188} INFO - [2024-07-26T00:13:25.768+0000] {dagbag.py:540} INFO - Filling up the DagBag from /opt/airflow/dags/dbt_dag.py
[2024-07-26T00:13:25.776+0000] {processor.py:840} INFO - DAG(s) 'dbt_job' retrieved from /opt/airflow/dags/dbt_dag.py
[2024-07-26T00:13:25.805+0000] {logging_mixin.py:188} INFO - [2024-07-26T00:13:25.804+0000] {dag.py:3047} INFO - Sync 1 DAGs
[2024-07-26T00:13:25.821+0000] {logging_mixin.py:188} INFO - [2024-07-26T00:13:25.821+0000] {dag.py:3834} INFO - Setting next_dagrun for dbt_job to None, run_after=None
[2024-07-26T00:13:25.842+0000] {processor.py:183} INFO - Processing /opt/airflow/dags/dbt_dag.py took 0.094 seconds
[2024-07-26T00:13:56.002+0000] {processor.py:161} INFO - Started process (PID=1412) to work on /opt/airflow/dags/dbt_dag.py
[2024-07-26T00:13:56.004+0000] {processor.py:830} INFO - Processing file /opt/airflow/dags/dbt_dag.py for tasks to queue
[2024-07-26T00:13:56.008+0000] {logging_mixin.py:188} INFO - [2024-07-26T00:13:56.008+0000] {dagbag.py:540} INFO - Filling up the DagBag from /opt/airflow/dags/dbt_dag.py
[2024-07-26T00:13:56.016+0000] {processor.py:840} INFO - DAG(s) 'dbt_job' retrieved from /opt/airflow/dags/dbt_dag.py
[2024-07-26T00:13:56.049+0000] {logging_mixin.py:188} INFO - [2024-07-26T00:13:56.048+0000] {dag.py:3047} INFO - Sync 1 DAGs
[2024-07-26T00:13:56.070+0000] {logging_mixin.py:188} INFO - [2024-07-26T00:13:56.069+0000] {dag.py:3834} INFO - Setting next_dagrun for dbt_job to None, run_after=None
[2024-07-26T00:13:56.093+0000] {processor.py:183} INFO - Processing /opt/airflow/dags/dbt_dag.py took 0.095 seconds
[2024-07-26T00:14:26.263+0000] {processor.py:161} INFO - Started process (PID=1420) to work on /opt/airflow/dags/dbt_dag.py
[2024-07-26T00:14:26.266+0000] {processor.py:830} INFO - Processing file /opt/airflow/dags/dbt_dag.py for tasks to queue
[2024-07-26T00:14:26.267+0000] {logging_mixin.py:188} INFO - [2024-07-26T00:14:26.267+0000] {dagbag.py:540} INFO - Filling up the DagBag from /opt/airflow/dags/dbt_dag.py
[2024-07-26T00:14:26.276+0000] {processor.py:840} INFO - DAG(s) 'dbt_job' retrieved from /opt/airflow/dags/dbt_dag.py
[2024-07-26T00:14:26.305+0000] {logging_mixin.py:188} INFO - [2024-07-26T00:14:26.305+0000] {dag.py:3047} INFO - Sync 1 DAGs
[2024-07-26T00:14:26.321+0000] {logging_mixin.py:188} INFO - [2024-07-26T00:14:26.320+0000] {dag.py:3834} INFO - Setting next_dagrun for dbt_job to None, run_after=None
[2024-07-26T00:14:26.342+0000] {processor.py:183} INFO - Processing /opt/airflow/dags/dbt_dag.py took 0.084 seconds
[2024-07-26T00:14:56.399+0000] {processor.py:161} INFO - Started process (PID=1427) to work on /opt/airflow/dags/dbt_dag.py
[2024-07-26T00:14:56.401+0000] {processor.py:830} INFO - Processing file /opt/airflow/dags/dbt_dag.py for tasks to queue
[2024-07-26T00:14:56.402+0000] {logging_mixin.py:188} INFO - [2024-07-26T00:14:56.401+0000] {dagbag.py:540} INFO - Filling up the DagBag from /opt/airflow/dags/dbt_dag.py
[2024-07-26T00:14:56.411+0000] {processor.py:840} INFO - DAG(s) 'dbt_job' retrieved from /opt/airflow/dags/dbt_dag.py
[2024-07-26T00:14:56.438+0000] {logging_mixin.py:188} INFO - [2024-07-26T00:14:56.438+0000] {dag.py:3047} INFO - Sync 1 DAGs
[2024-07-26T00:14:56.452+0000] {logging_mixin.py:188} INFO - [2024-07-26T00:14:56.451+0000] {dag.py:3834} INFO - Setting next_dagrun for dbt_job to None, run_after=None
[2024-07-26T00:14:56.472+0000] {processor.py:183} INFO - Processing /opt/airflow/dags/dbt_dag.py took 0.077 seconds
[2024-07-26T00:15:26.609+0000] {processor.py:161} INFO - Started process (PID=1435) to work on /opt/airflow/dags/dbt_dag.py
[2024-07-26T00:15:26.611+0000] {processor.py:830} INFO - Processing file /opt/airflow/dags/dbt_dag.py for tasks to queue
[2024-07-26T00:15:26.613+0000] {logging_mixin.py:188} INFO - [2024-07-26T00:15:26.612+0000] {dagbag.py:540} INFO - Filling up the DagBag from /opt/airflow/dags/dbt_dag.py
[2024-07-26T00:15:26.622+0000] {processor.py:840} INFO - DAG(s) 'dbt_job' retrieved from /opt/airflow/dags/dbt_dag.py
[2024-07-26T00:15:26.651+0000] {logging_mixin.py:188} INFO - [2024-07-26T00:15:26.650+0000] {dag.py:3047} INFO - Sync 1 DAGs
[2024-07-26T00:15:26.665+0000] {logging_mixin.py:188} INFO - [2024-07-26T00:15:26.665+0000] {dag.py:3834} INFO - Setting next_dagrun for dbt_job to None, run_after=None
[2024-07-26T00:15:26.685+0000] {processor.py:183} INFO - Processing /opt/airflow/dags/dbt_dag.py took 0.081 seconds
[2024-07-26T00:15:56.756+0000] {processor.py:161} INFO - Started process (PID=1443) to work on /opt/airflow/dags/dbt_dag.py
[2024-07-26T00:15:56.757+0000] {processor.py:830} INFO - Processing file /opt/airflow/dags/dbt_dag.py for tasks to queue
[2024-07-26T00:15:56.759+0000] {logging_mixin.py:188} INFO - [2024-07-26T00:15:56.758+0000] {dagbag.py:540} INFO - Filling up the DagBag from /opt/airflow/dags/dbt_dag.py
[2024-07-26T00:15:56.768+0000] {processor.py:840} INFO - DAG(s) 'dbt_job' retrieved from /opt/airflow/dags/dbt_dag.py
[2024-07-26T00:15:56.800+0000] {logging_mixin.py:188} INFO - [2024-07-26T00:15:56.800+0000] {dag.py:3047} INFO - Sync 1 DAGs
[2024-07-26T00:15:56.817+0000] {logging_mixin.py:188} INFO - [2024-07-26T00:15:56.816+0000] {dag.py:3834} INFO - Setting next_dagrun for dbt_job to None, run_after=None
[2024-07-26T00:15:56.837+0000] {processor.py:183} INFO - Processing /opt/airflow/dags/dbt_dag.py took 0.085 seconds
[2024-07-26T00:16:26.999+0000] {processor.py:161} INFO - Started process (PID=1451) to work on /opt/airflow/dags/dbt_dag.py
[2024-07-26T00:16:27.001+0000] {processor.py:830} INFO - Processing file /opt/airflow/dags/dbt_dag.py for tasks to queue
[2024-07-26T00:16:27.003+0000] {logging_mixin.py:188} INFO - [2024-07-26T00:16:27.002+0000] {dagbag.py:540} INFO - Filling up the DagBag from /opt/airflow/dags/dbt_dag.py
[2024-07-26T00:16:27.013+0000] {processor.py:840} INFO - DAG(s) 'dbt_job' retrieved from /opt/airflow/dags/dbt_dag.py
[2024-07-26T00:16:27.047+0000] {logging_mixin.py:188} INFO - [2024-07-26T00:16:27.046+0000] {dag.py:3047} INFO - Sync 1 DAGs
[2024-07-26T00:16:27.068+0000] {logging_mixin.py:188} INFO - [2024-07-26T00:16:27.067+0000] {dag.py:3834} INFO - Setting next_dagrun for dbt_job to None, run_after=None
[2024-07-26T00:16:27.139+0000] {processor.py:183} INFO - Processing /opt/airflow/dags/dbt_dag.py took 0.149 seconds
[2024-07-26T00:16:57.277+0000] {processor.py:161} INFO - Started process (PID=1459) to work on /opt/airflow/dags/dbt_dag.py
[2024-07-26T00:16:57.278+0000] {processor.py:830} INFO - Processing file /opt/airflow/dags/dbt_dag.py for tasks to queue
[2024-07-26T00:16:57.279+0000] {logging_mixin.py:188} INFO - [2024-07-26T00:16:57.279+0000] {dagbag.py:540} INFO - Filling up the DagBag from /opt/airflow/dags/dbt_dag.py
[2024-07-26T00:16:57.288+0000] {processor.py:840} INFO - DAG(s) 'dbt_job' retrieved from /opt/airflow/dags/dbt_dag.py
[2024-07-26T00:16:57.317+0000] {logging_mixin.py:188} INFO - [2024-07-26T00:16:57.316+0000] {dag.py:3047} INFO - Sync 1 DAGs
[2024-07-26T00:16:57.331+0000] {logging_mixin.py:188} INFO - [2024-07-26T00:16:57.331+0000] {dag.py:3834} INFO - Setting next_dagrun for dbt_job to None, run_after=None
[2024-07-26T00:16:57.353+0000] {processor.py:183} INFO - Processing /opt/airflow/dags/dbt_dag.py took 0.081 seconds
[2024-07-26T00:17:27.416+0000] {processor.py:161} INFO - Started process (PID=1466) to work on /opt/airflow/dags/dbt_dag.py
[2024-07-26T00:17:27.418+0000] {processor.py:830} INFO - Processing file /opt/airflow/dags/dbt_dag.py for tasks to queue
[2024-07-26T00:17:27.419+0000] {logging_mixin.py:188} INFO - [2024-07-26T00:17:27.419+0000] {dagbag.py:540} INFO - Filling up the DagBag from /opt/airflow/dags/dbt_dag.py
[2024-07-26T00:17:27.428+0000] {processor.py:840} INFO - DAG(s) 'dbt_job' retrieved from /opt/airflow/dags/dbt_dag.py
[2024-07-26T00:17:27.457+0000] {logging_mixin.py:188} INFO - [2024-07-26T00:17:27.457+0000] {dag.py:3047} INFO - Sync 1 DAGs
[2024-07-26T00:17:27.473+0000] {logging_mixin.py:188} INFO - [2024-07-26T00:17:27.473+0000] {dag.py:3834} INFO - Setting next_dagrun for dbt_job to None, run_after=None
[2024-07-26T00:17:27.491+0000] {processor.py:183} INFO - Processing /opt/airflow/dags/dbt_dag.py took 0.080 seconds
[2024-07-26T00:17:57.639+0000] {processor.py:161} INFO - Started process (PID=1473) to work on /opt/airflow/dags/dbt_dag.py
[2024-07-26T00:17:57.641+0000] {processor.py:830} INFO - Processing file /opt/airflow/dags/dbt_dag.py for tasks to queue
[2024-07-26T00:17:57.642+0000] {logging_mixin.py:188} INFO - [2024-07-26T00:17:57.642+0000] {dagbag.py:540} INFO - Filling up the DagBag from /opt/airflow/dags/dbt_dag.py
[2024-07-26T00:17:57.653+0000] {processor.py:840} INFO - DAG(s) 'dbt_job' retrieved from /opt/airflow/dags/dbt_dag.py
[2024-07-26T00:17:57.684+0000] {logging_mixin.py:188} INFO - [2024-07-26T00:17:57.684+0000] {dag.py:3047} INFO - Sync 1 DAGs
[2024-07-26T00:17:57.698+0000] {logging_mixin.py:188} INFO - [2024-07-26T00:17:57.698+0000] {dag.py:3834} INFO - Setting next_dagrun for dbt_job to None, run_after=None
[2024-07-26T00:17:57.718+0000] {processor.py:183} INFO - Processing /opt/airflow/dags/dbt_dag.py took 0.089 seconds
[2024-07-26T00:18:27.788+0000] {processor.py:161} INFO - Started process (PID=1480) to work on /opt/airflow/dags/dbt_dag.py
[2024-07-26T00:18:27.794+0000] {processor.py:830} INFO - Processing file /opt/airflow/dags/dbt_dag.py for tasks to queue
[2024-07-26T00:18:27.796+0000] {logging_mixin.py:188} INFO - [2024-07-26T00:18:27.795+0000] {dagbag.py:540} INFO - Filling up the DagBag from /opt/airflow/dags/dbt_dag.py
[2024-07-26T00:18:27.807+0000] {processor.py:840} INFO - DAG(s) 'dbt_job' retrieved from /opt/airflow/dags/dbt_dag.py
[2024-07-26T00:18:27.845+0000] {logging_mixin.py:188} INFO - [2024-07-26T00:18:27.845+0000] {dag.py:3047} INFO - Sync 1 DAGs
[2024-07-26T00:18:27.859+0000] {logging_mixin.py:188} INFO - [2024-07-26T00:18:27.858+0000] {dag.py:3834} INFO - Setting next_dagrun for dbt_job to None, run_after=None
[2024-07-26T00:18:27.886+0000] {processor.py:183} INFO - Processing /opt/airflow/dags/dbt_dag.py took 0.104 seconds
[2024-07-26T00:18:58.053+0000] {processor.py:161} INFO - Started process (PID=1488) to work on /opt/airflow/dags/dbt_dag.py
[2024-07-26T00:18:58.055+0000] {processor.py:830} INFO - Processing file /opt/airflow/dags/dbt_dag.py for tasks to queue
[2024-07-26T00:18:58.056+0000] {logging_mixin.py:188} INFO - [2024-07-26T00:18:58.055+0000] {dagbag.py:540} INFO - Filling up the DagBag from /opt/airflow/dags/dbt_dag.py
[2024-07-26T00:18:58.080+0000] {processor.py:840} INFO - DAG(s) 'dbt_job' retrieved from /opt/airflow/dags/dbt_dag.py
[2024-07-26T00:18:58.203+0000] {logging_mixin.py:188} INFO - [2024-07-26T00:18:58.202+0000] {dag.py:3047} INFO - Sync 1 DAGs
[2024-07-26T00:18:58.234+0000] {logging_mixin.py:188} INFO - [2024-07-26T00:18:58.234+0000] {dag.py:3834} INFO - Setting next_dagrun for dbt_job to None, run_after=None
[2024-07-26T00:18:58.346+0000] {processor.py:183} INFO - Processing /opt/airflow/dags/dbt_dag.py took 0.320 seconds
