[2024-07-26T00:00:26.639+0000] {processor.py:161} INFO - Started process (PID=1185) to work on /opt/airflow/dags/trigger_dbt_cloud_job.py
[2024-07-26T00:00:26.640+0000] {processor.py:830} INFO - Processing file /opt/airflow/dags/trigger_dbt_cloud_job.py for tasks to queue
[2024-07-26T00:00:26.644+0000] {logging_mixin.py:188} INFO - [2024-07-26T00:00:26.643+0000] {dagbag.py:540} INFO - Filling up the DagBag from /opt/airflow/dags/trigger_dbt_cloud_job.py
[2024-07-26T00:00:26.662+0000] {processor.py:840} INFO - DAG(s) 'airbyte_to_dbt_job' retrieved from /opt/airflow/dags/trigger_dbt_cloud_job.py
[2024-07-26T00:00:26.698+0000] {logging_mixin.py:188} INFO - [2024-07-26T00:00:26.698+0000] {dag.py:3047} INFO - Sync 1 DAGs
[2024-07-26T00:00:26.719+0000] {logging_mixin.py:188} INFO - [2024-07-26T00:00:26.719+0000] {dag.py:3834} INFO - Setting next_dagrun for airbyte_to_dbt_job to None, run_after=None
[2024-07-26T00:00:26.743+0000] {processor.py:183} INFO - Processing /opt/airflow/dags/trigger_dbt_cloud_job.py took 0.110 seconds
[2024-07-26T00:00:56.884+0000] {processor.py:161} INFO - Started process (PID=1194) to work on /opt/airflow/dags/trigger_dbt_cloud_job.py
[2024-07-26T00:00:56.886+0000] {processor.py:830} INFO - Processing file /opt/airflow/dags/trigger_dbt_cloud_job.py for tasks to queue
[2024-07-26T00:00:56.888+0000] {logging_mixin.py:188} INFO - [2024-07-26T00:00:56.888+0000] {dagbag.py:540} INFO - Filling up the DagBag from /opt/airflow/dags/trigger_dbt_cloud_job.py
[2024-07-26T00:00:56.900+0000] {processor.py:840} INFO - DAG(s) 'airbyte_to_dbt_job' retrieved from /opt/airflow/dags/trigger_dbt_cloud_job.py
[2024-07-26T00:00:56.930+0000] {logging_mixin.py:188} INFO - [2024-07-26T00:00:56.930+0000] {dag.py:3047} INFO - Sync 1 DAGs
[2024-07-26T00:00:56.944+0000] {logging_mixin.py:188} INFO - [2024-07-26T00:00:56.944+0000] {dag.py:3834} INFO - Setting next_dagrun for airbyte_to_dbt_job to None, run_after=None
[2024-07-26T00:00:56.965+0000] {processor.py:183} INFO - Processing /opt/airflow/dags/trigger_dbt_cloud_job.py took 0.085 seconds
[2024-07-26T00:01:27.109+0000] {processor.py:161} INFO - Started process (PID=1201) to work on /opt/airflow/dags/trigger_dbt_cloud_job.py
[2024-07-26T00:01:27.118+0000] {processor.py:830} INFO - Processing file /opt/airflow/dags/trigger_dbt_cloud_job.py for tasks to queue
[2024-07-26T00:01:27.121+0000] {logging_mixin.py:188} INFO - [2024-07-26T00:01:27.121+0000] {dagbag.py:540} INFO - Filling up the DagBag from /opt/airflow/dags/trigger_dbt_cloud_job.py
[2024-07-26T00:01:27.130+0000] {processor.py:840} INFO - DAG(s) 'airbyte_to_dbt_job' retrieved from /opt/airflow/dags/trigger_dbt_cloud_job.py
[2024-07-26T00:01:27.160+0000] {logging_mixin.py:188} INFO - [2024-07-26T00:01:27.159+0000] {dag.py:3047} INFO - Sync 1 DAGs
[2024-07-26T00:01:27.175+0000] {logging_mixin.py:188} INFO - [2024-07-26T00:01:27.175+0000] {dag.py:3834} INFO - Setting next_dagrun for airbyte_to_dbt_job to None, run_after=None
[2024-07-26T00:01:27.195+0000] {processor.py:183} INFO - Processing /opt/airflow/dags/trigger_dbt_cloud_job.py took 0.091 seconds
[2024-07-26T00:01:57.344+0000] {processor.py:161} INFO - Started process (PID=1209) to work on /opt/airflow/dags/trigger_dbt_cloud_job.py
[2024-07-26T00:01:57.345+0000] {processor.py:830} INFO - Processing file /opt/airflow/dags/trigger_dbt_cloud_job.py for tasks to queue
[2024-07-26T00:01:57.348+0000] {logging_mixin.py:188} INFO - [2024-07-26T00:01:57.347+0000] {dagbag.py:540} INFO - Filling up the DagBag from /opt/airflow/dags/trigger_dbt_cloud_job.py
[2024-07-26T00:01:57.356+0000] {processor.py:840} INFO - DAG(s) 'airbyte_to_dbt_job' retrieved from /opt/airflow/dags/trigger_dbt_cloud_job.py
[2024-07-26T00:01:57.386+0000] {logging_mixin.py:188} INFO - [2024-07-26T00:01:57.385+0000] {dag.py:3047} INFO - Sync 1 DAGs
[2024-07-26T00:01:57.399+0000] {logging_mixin.py:188} INFO - [2024-07-26T00:01:57.399+0000] {dag.py:3834} INFO - Setting next_dagrun for airbyte_to_dbt_job to None, run_after=None
[2024-07-26T00:01:57.418+0000] {processor.py:183} INFO - Processing /opt/airflow/dags/trigger_dbt_cloud_job.py took 0.079 seconds
[2024-07-26T00:02:27.576+0000] {processor.py:161} INFO - Started process (PID=1217) to work on /opt/airflow/dags/trigger_dbt_cloud_job.py
[2024-07-26T00:02:27.578+0000] {processor.py:830} INFO - Processing file /opt/airflow/dags/trigger_dbt_cloud_job.py for tasks to queue
[2024-07-26T00:02:27.581+0000] {logging_mixin.py:188} INFO - [2024-07-26T00:02:27.580+0000] {dagbag.py:540} INFO - Filling up the DagBag from /opt/airflow/dags/trigger_dbt_cloud_job.py
[2024-07-26T00:02:27.590+0000] {processor.py:840} INFO - DAG(s) 'airbyte_to_dbt_job' retrieved from /opt/airflow/dags/trigger_dbt_cloud_job.py
[2024-07-26T00:02:27.619+0000] {logging_mixin.py:188} INFO - [2024-07-26T00:02:27.619+0000] {dag.py:3047} INFO - Sync 1 DAGs
[2024-07-26T00:02:27.633+0000] {logging_mixin.py:188} INFO - [2024-07-26T00:02:27.633+0000] {dag.py:3834} INFO - Setting next_dagrun for airbyte_to_dbt_job to None, run_after=None
[2024-07-26T00:02:27.654+0000] {processor.py:183} INFO - Processing /opt/airflow/dags/trigger_dbt_cloud_job.py took 0.083 seconds
[2024-07-26T00:02:57.810+0000] {processor.py:161} INFO - Started process (PID=1225) to work on /opt/airflow/dags/trigger_dbt_cloud_job.py
[2024-07-26T00:02:57.811+0000] {processor.py:830} INFO - Processing file /opt/airflow/dags/trigger_dbt_cloud_job.py for tasks to queue
[2024-07-26T00:02:57.815+0000] {logging_mixin.py:188} INFO - [2024-07-26T00:02:57.815+0000] {dagbag.py:540} INFO - Filling up the DagBag from /opt/airflow/dags/trigger_dbt_cloud_job.py
[2024-07-26T00:02:57.824+0000] {processor.py:840} INFO - DAG(s) 'airbyte_to_dbt_job' retrieved from /opt/airflow/dags/trigger_dbt_cloud_job.py
[2024-07-26T00:02:57.855+0000] {logging_mixin.py:188} INFO - [2024-07-26T00:02:57.855+0000] {dag.py:3047} INFO - Sync 1 DAGs
[2024-07-26T00:02:57.869+0000] {logging_mixin.py:188} INFO - [2024-07-26T00:02:57.869+0000] {dag.py:3834} INFO - Setting next_dagrun for airbyte_to_dbt_job to None, run_after=None
[2024-07-26T00:02:57.891+0000] {processor.py:183} INFO - Processing /opt/airflow/dags/trigger_dbt_cloud_job.py took 0.086 seconds
[2024-07-26T00:03:28.056+0000] {processor.py:161} INFO - Started process (PID=1234) to work on /opt/airflow/dags/trigger_dbt_cloud_job.py
[2024-07-26T00:03:28.058+0000] {processor.py:830} INFO - Processing file /opt/airflow/dags/trigger_dbt_cloud_job.py for tasks to queue
[2024-07-26T00:03:28.062+0000] {logging_mixin.py:188} INFO - [2024-07-26T00:03:28.062+0000] {dagbag.py:540} INFO - Filling up the DagBag from /opt/airflow/dags/trigger_dbt_cloud_job.py
[2024-07-26T00:03:28.074+0000] {processor.py:840} INFO - DAG(s) 'airbyte_to_dbt_job' retrieved from /opt/airflow/dags/trigger_dbt_cloud_job.py
[2024-07-26T00:03:28.127+0000] {logging_mixin.py:188} INFO - [2024-07-26T00:03:28.127+0000] {dag.py:3047} INFO - Sync 1 DAGs
[2024-07-26T00:03:28.150+0000] {logging_mixin.py:188} INFO - [2024-07-26T00:03:28.150+0000] {dag.py:3834} INFO - Setting next_dagrun for airbyte_to_dbt_job to None, run_after=None
[2024-07-26T00:03:28.178+0000] {processor.py:183} INFO - Processing /opt/airflow/dags/trigger_dbt_cloud_job.py took 0.128 seconds
[2024-07-26T00:03:58.341+0000] {processor.py:161} INFO - Started process (PID=1242) to work on /opt/airflow/dags/trigger_dbt_cloud_job.py
[2024-07-26T00:03:58.343+0000] {processor.py:830} INFO - Processing file /opt/airflow/dags/trigger_dbt_cloud_job.py for tasks to queue
[2024-07-26T00:03:58.346+0000] {logging_mixin.py:188} INFO - [2024-07-26T00:03:58.345+0000] {dagbag.py:540} INFO - Filling up the DagBag from /opt/airflow/dags/trigger_dbt_cloud_job.py
[2024-07-26T00:03:58.355+0000] {processor.py:840} INFO - DAG(s) 'airbyte_to_dbt_job' retrieved from /opt/airflow/dags/trigger_dbt_cloud_job.py
[2024-07-26T00:03:58.394+0000] {logging_mixin.py:188} INFO - [2024-07-26T00:03:58.394+0000] {dag.py:3047} INFO - Sync 1 DAGs
[2024-07-26T00:03:58.426+0000] {logging_mixin.py:188} INFO - [2024-07-26T00:03:58.425+0000] {dag.py:3834} INFO - Setting next_dagrun for airbyte_to_dbt_job to None, run_after=None
[2024-07-26T00:03:58.453+0000] {processor.py:183} INFO - Processing /opt/airflow/dags/trigger_dbt_cloud_job.py took 0.117 seconds
[2024-07-26T00:04:28.609+0000] {processor.py:161} INFO - Started process (PID=1251) to work on /opt/airflow/dags/trigger_dbt_cloud_job.py
[2024-07-26T00:04:28.611+0000] {processor.py:830} INFO - Processing file /opt/airflow/dags/trigger_dbt_cloud_job.py for tasks to queue
[2024-07-26T00:04:28.614+0000] {logging_mixin.py:188} INFO - [2024-07-26T00:04:28.614+0000] {dagbag.py:540} INFO - Filling up the DagBag from /opt/airflow/dags/trigger_dbt_cloud_job.py
[2024-07-26T00:04:28.626+0000] {processor.py:840} INFO - DAG(s) 'airbyte_to_dbt_job' retrieved from /opt/airflow/dags/trigger_dbt_cloud_job.py
[2024-07-26T00:04:28.655+0000] {logging_mixin.py:188} INFO - [2024-07-26T00:04:28.655+0000] {dag.py:3047} INFO - Sync 1 DAGs
[2024-07-26T00:04:28.668+0000] {logging_mixin.py:188} INFO - [2024-07-26T00:04:28.668+0000] {dag.py:3834} INFO - Setting next_dagrun for airbyte_to_dbt_job to None, run_after=None
[2024-07-26T00:04:28.687+0000] {processor.py:183} INFO - Processing /opt/airflow/dags/trigger_dbt_cloud_job.py took 0.083 seconds
[2024-07-26T00:04:58.828+0000] {processor.py:161} INFO - Started process (PID=1259) to work on /opt/airflow/dags/trigger_dbt_cloud_job.py
[2024-07-26T00:04:58.830+0000] {processor.py:830} INFO - Processing file /opt/airflow/dags/trigger_dbt_cloud_job.py for tasks to queue
[2024-07-26T00:04:58.832+0000] {logging_mixin.py:188} INFO - [2024-07-26T00:04:58.832+0000] {dagbag.py:540} INFO - Filling up the DagBag from /opt/airflow/dags/trigger_dbt_cloud_job.py
[2024-07-26T00:04:58.841+0000] {processor.py:840} INFO - DAG(s) 'airbyte_to_dbt_job' retrieved from /opt/airflow/dags/trigger_dbt_cloud_job.py
[2024-07-26T00:04:58.874+0000] {logging_mixin.py:188} INFO - [2024-07-26T00:04:58.874+0000] {dag.py:3047} INFO - Sync 1 DAGs
[2024-07-26T00:04:58.887+0000] {logging_mixin.py:188} INFO - [2024-07-26T00:04:58.887+0000] {dag.py:3834} INFO - Setting next_dagrun for airbyte_to_dbt_job to None, run_after=None
[2024-07-26T00:04:58.910+0000] {processor.py:183} INFO - Processing /opt/airflow/dags/trigger_dbt_cloud_job.py took 0.087 seconds
[2024-07-26T00:05:29.063+0000] {processor.py:161} INFO - Started process (PID=1268) to work on /opt/airflow/dags/trigger_dbt_cloud_job.py
[2024-07-26T00:05:29.067+0000] {processor.py:830} INFO - Processing file /opt/airflow/dags/trigger_dbt_cloud_job.py for tasks to queue
[2024-07-26T00:05:29.070+0000] {logging_mixin.py:188} INFO - [2024-07-26T00:05:29.070+0000] {dagbag.py:540} INFO - Filling up the DagBag from /opt/airflow/dags/trigger_dbt_cloud_job.py
[2024-07-26T00:05:29.079+0000] {processor.py:840} INFO - DAG(s) 'airbyte_to_dbt_job' retrieved from /opt/airflow/dags/trigger_dbt_cloud_job.py
[2024-07-26T00:05:29.109+0000] {logging_mixin.py:188} INFO - [2024-07-26T00:05:29.109+0000] {dag.py:3047} INFO - Sync 1 DAGs
[2024-07-26T00:05:29.124+0000] {logging_mixin.py:188} INFO - [2024-07-26T00:05:29.123+0000] {dag.py:3834} INFO - Setting next_dagrun for airbyte_to_dbt_job to None, run_after=None
[2024-07-26T00:05:29.146+0000] {processor.py:183} INFO - Processing /opt/airflow/dags/trigger_dbt_cloud_job.py took 0.088 seconds
[2024-07-26T00:05:59.323+0000] {processor.py:161} INFO - Started process (PID=1277) to work on /opt/airflow/dags/trigger_dbt_cloud_job.py
[2024-07-26T00:05:59.325+0000] {processor.py:830} INFO - Processing file /opt/airflow/dags/trigger_dbt_cloud_job.py for tasks to queue
[2024-07-26T00:05:59.329+0000] {logging_mixin.py:188} INFO - [2024-07-26T00:05:59.329+0000] {dagbag.py:540} INFO - Filling up the DagBag from /opt/airflow/dags/trigger_dbt_cloud_job.py
[2024-07-26T00:05:59.344+0000] {processor.py:840} INFO - DAG(s) 'airbyte_to_dbt_job' retrieved from /opt/airflow/dags/trigger_dbt_cloud_job.py
[2024-07-26T00:05:59.392+0000] {logging_mixin.py:188} INFO - [2024-07-26T00:05:59.392+0000] {dag.py:3047} INFO - Sync 1 DAGs
[2024-07-26T00:05:59.414+0000] {logging_mixin.py:188} INFO - [2024-07-26T00:05:59.413+0000] {dag.py:3834} INFO - Setting next_dagrun for airbyte_to_dbt_job to None, run_after=None
[2024-07-26T00:05:59.442+0000] {processor.py:183} INFO - Processing /opt/airflow/dags/trigger_dbt_cloud_job.py took 0.126 seconds
[2024-07-26T00:06:29.589+0000] {processor.py:161} INFO - Started process (PID=1285) to work on /opt/airflow/dags/trigger_dbt_cloud_job.py
[2024-07-26T00:06:29.591+0000] {processor.py:830} INFO - Processing file /opt/airflow/dags/trigger_dbt_cloud_job.py for tasks to queue
[2024-07-26T00:06:29.594+0000] {logging_mixin.py:188} INFO - [2024-07-26T00:06:29.594+0000] {dagbag.py:540} INFO - Filling up the DagBag from /opt/airflow/dags/trigger_dbt_cloud_job.py
[2024-07-26T00:06:29.603+0000] {processor.py:840} INFO - DAG(s) 'airbyte_to_dbt_job' retrieved from /opt/airflow/dags/trigger_dbt_cloud_job.py
[2024-07-26T00:06:29.632+0000] {logging_mixin.py:188} INFO - [2024-07-26T00:06:29.632+0000] {dag.py:3047} INFO - Sync 1 DAGs
[2024-07-26T00:06:29.645+0000] {logging_mixin.py:188} INFO - [2024-07-26T00:06:29.645+0000] {dag.py:3834} INFO - Setting next_dagrun for airbyte_to_dbt_job to None, run_after=None
[2024-07-26T00:06:29.667+0000] {processor.py:183} INFO - Processing /opt/airflow/dags/trigger_dbt_cloud_job.py took 0.083 seconds
[2024-07-26T00:06:59.821+0000] {processor.py:161} INFO - Started process (PID=1294) to work on /opt/airflow/dags/trigger_dbt_cloud_job.py
[2024-07-26T00:06:59.822+0000] {processor.py:830} INFO - Processing file /opt/airflow/dags/trigger_dbt_cloud_job.py for tasks to queue
[2024-07-26T00:06:59.825+0000] {logging_mixin.py:188} INFO - [2024-07-26T00:06:59.825+0000] {dagbag.py:540} INFO - Filling up the DagBag from /opt/airflow/dags/trigger_dbt_cloud_job.py
[2024-07-26T00:06:59.833+0000] {processor.py:840} INFO - DAG(s) 'airbyte_to_dbt_job' retrieved from /opt/airflow/dags/trigger_dbt_cloud_job.py
[2024-07-26T00:06:59.861+0000] {logging_mixin.py:188} INFO - [2024-07-26T00:06:59.861+0000] {dag.py:3047} INFO - Sync 1 DAGs
[2024-07-26T00:06:59.875+0000] {logging_mixin.py:188} INFO - [2024-07-26T00:06:59.874+0000] {dag.py:3834} INFO - Setting next_dagrun for airbyte_to_dbt_job to None, run_after=None
[2024-07-26T00:06:59.893+0000] {processor.py:183} INFO - Processing /opt/airflow/dags/trigger_dbt_cloud_job.py took 0.077 seconds
[2024-07-26T00:07:30.043+0000] {processor.py:161} INFO - Started process (PID=1303) to work on /opt/airflow/dags/trigger_dbt_cloud_job.py
[2024-07-26T00:07:30.046+0000] {processor.py:830} INFO - Processing file /opt/airflow/dags/trigger_dbt_cloud_job.py for tasks to queue
[2024-07-26T00:07:30.058+0000] {logging_mixin.py:188} INFO - [2024-07-26T00:07:30.057+0000] {dagbag.py:540} INFO - Filling up the DagBag from /opt/airflow/dags/trigger_dbt_cloud_job.py
[2024-07-26T00:07:30.069+0000] {processor.py:840} INFO - DAG(s) 'airbyte_to_dbt_job' retrieved from /opt/airflow/dags/trigger_dbt_cloud_job.py
[2024-07-26T00:07:30.107+0000] {logging_mixin.py:188} INFO - [2024-07-26T00:07:30.107+0000] {dag.py:3047} INFO - Sync 1 DAGs
[2024-07-26T00:07:30.128+0000] {logging_mixin.py:188} INFO - [2024-07-26T00:07:30.127+0000] {dag.py:3834} INFO - Setting next_dagrun for airbyte_to_dbt_job to None, run_after=None
[2024-07-26T00:07:30.153+0000] {processor.py:183} INFO - Processing /opt/airflow/dags/trigger_dbt_cloud_job.py took 0.116 seconds
[2024-07-26T00:08:00.312+0000] {processor.py:161} INFO - Started process (PID=1312) to work on /opt/airflow/dags/trigger_dbt_cloud_job.py
[2024-07-26T00:08:00.313+0000] {processor.py:830} INFO - Processing file /opt/airflow/dags/trigger_dbt_cloud_job.py for tasks to queue
[2024-07-26T00:08:00.317+0000] {logging_mixin.py:188} INFO - [2024-07-26T00:08:00.316+0000] {dagbag.py:540} INFO - Filling up the DagBag from /opt/airflow/dags/trigger_dbt_cloud_job.py
[2024-07-26T00:08:00.325+0000] {processor.py:840} INFO - DAG(s) 'airbyte_to_dbt_job' retrieved from /opt/airflow/dags/trigger_dbt_cloud_job.py
[2024-07-26T00:08:00.353+0000] {logging_mixin.py:188} INFO - [2024-07-26T00:08:00.353+0000] {dag.py:3047} INFO - Sync 1 DAGs
[2024-07-26T00:08:00.367+0000] {logging_mixin.py:188} INFO - [2024-07-26T00:08:00.366+0000] {dag.py:3834} INFO - Setting next_dagrun for airbyte_to_dbt_job to None, run_after=None
[2024-07-26T00:08:00.387+0000] {processor.py:183} INFO - Processing /opt/airflow/dags/trigger_dbt_cloud_job.py took 0.081 seconds
[2024-07-26T00:08:30.529+0000] {processor.py:161} INFO - Started process (PID=1321) to work on /opt/airflow/dags/trigger_dbt_cloud_job.py
[2024-07-26T00:08:30.531+0000] {processor.py:830} INFO - Processing file /opt/airflow/dags/trigger_dbt_cloud_job.py for tasks to queue
[2024-07-26T00:08:30.534+0000] {logging_mixin.py:188} INFO - [2024-07-26T00:08:30.533+0000] {dagbag.py:540} INFO - Filling up the DagBag from /opt/airflow/dags/trigger_dbt_cloud_job.py
[2024-07-26T00:08:30.542+0000] {processor.py:840} INFO - DAG(s) 'airbyte_to_dbt_job' retrieved from /opt/airflow/dags/trigger_dbt_cloud_job.py
[2024-07-26T00:08:30.573+0000] {logging_mixin.py:188} INFO - [2024-07-26T00:08:30.572+0000] {dag.py:3047} INFO - Sync 1 DAGs
[2024-07-26T00:08:30.587+0000] {logging_mixin.py:188} INFO - [2024-07-26T00:08:30.586+0000] {dag.py:3834} INFO - Setting next_dagrun for airbyte_to_dbt_job to None, run_after=None
[2024-07-26T00:08:30.606+0000] {processor.py:183} INFO - Processing /opt/airflow/dags/trigger_dbt_cloud_job.py took 0.081 seconds
[2024-07-26T00:09:00.744+0000] {processor.py:161} INFO - Started process (PID=1329) to work on /opt/airflow/dags/trigger_dbt_cloud_job.py
[2024-07-26T00:09:00.745+0000] {processor.py:830} INFO - Processing file /opt/airflow/dags/trigger_dbt_cloud_job.py for tasks to queue
[2024-07-26T00:09:00.748+0000] {logging_mixin.py:188} INFO - [2024-07-26T00:09:00.747+0000] {dagbag.py:540} INFO - Filling up the DagBag from /opt/airflow/dags/trigger_dbt_cloud_job.py
[2024-07-26T00:09:00.756+0000] {processor.py:840} INFO - DAG(s) 'airbyte_to_dbt_job' retrieved from /opt/airflow/dags/trigger_dbt_cloud_job.py
[2024-07-26T00:09:00.789+0000] {logging_mixin.py:188} INFO - [2024-07-26T00:09:00.788+0000] {dag.py:3047} INFO - Sync 1 DAGs
[2024-07-26T00:09:00.803+0000] {logging_mixin.py:188} INFO - [2024-07-26T00:09:00.803+0000] {dag.py:3834} INFO - Setting next_dagrun for airbyte_to_dbt_job to None, run_after=None
[2024-07-26T00:09:00.822+0000] {processor.py:183} INFO - Processing /opt/airflow/dags/trigger_dbt_cloud_job.py took 0.083 seconds
[2024-07-26T00:09:30.970+0000] {processor.py:161} INFO - Started process (PID=1338) to work on /opt/airflow/dags/trigger_dbt_cloud_job.py
[2024-07-26T00:09:30.972+0000] {processor.py:830} INFO - Processing file /opt/airflow/dags/trigger_dbt_cloud_job.py for tasks to queue
[2024-07-26T00:09:30.974+0000] {logging_mixin.py:188} INFO - [2024-07-26T00:09:30.974+0000] {dagbag.py:540} INFO - Filling up the DagBag from /opt/airflow/dags/trigger_dbt_cloud_job.py
[2024-07-26T00:09:30.987+0000] {processor.py:840} INFO - DAG(s) 'airbyte_to_dbt_job' retrieved from /opt/airflow/dags/trigger_dbt_cloud_job.py
[2024-07-26T00:09:31.022+0000] {logging_mixin.py:188} INFO - [2024-07-26T00:09:31.021+0000] {dag.py:3047} INFO - Sync 1 DAGs
[2024-07-26T00:09:31.041+0000] {logging_mixin.py:188} INFO - [2024-07-26T00:09:31.041+0000] {dag.py:3834} INFO - Setting next_dagrun for airbyte_to_dbt_job to None, run_after=None
[2024-07-26T00:09:31.061+0000] {processor.py:183} INFO - Processing /opt/airflow/dags/trigger_dbt_cloud_job.py took 0.096 seconds
[2024-07-26T00:10:01.212+0000] {processor.py:161} INFO - Started process (PID=1346) to work on /opt/airflow/dags/trigger_dbt_cloud_job.py
[2024-07-26T00:10:01.213+0000] {processor.py:830} INFO - Processing file /opt/airflow/dags/trigger_dbt_cloud_job.py for tasks to queue
[2024-07-26T00:10:01.216+0000] {logging_mixin.py:188} INFO - [2024-07-26T00:10:01.215+0000] {dagbag.py:540} INFO - Filling up the DagBag from /opt/airflow/dags/trigger_dbt_cloud_job.py
[2024-07-26T00:10:01.225+0000] {processor.py:840} INFO - DAG(s) 'airbyte_to_dbt_job' retrieved from /opt/airflow/dags/trigger_dbt_cloud_job.py
[2024-07-26T00:10:01.255+0000] {logging_mixin.py:188} INFO - [2024-07-26T00:10:01.254+0000] {dag.py:3047} INFO - Sync 1 DAGs
[2024-07-26T00:10:01.269+0000] {logging_mixin.py:188} INFO - [2024-07-26T00:10:01.268+0000] {dag.py:3834} INFO - Setting next_dagrun for airbyte_to_dbt_job to None, run_after=None
[2024-07-26T00:10:01.288+0000] {processor.py:183} INFO - Processing /opt/airflow/dags/trigger_dbt_cloud_job.py took 0.081 seconds
[2024-07-26T00:10:31.436+0000] {processor.py:161} INFO - Started process (PID=1355) to work on /opt/airflow/dags/trigger_dbt_cloud_job.py
[2024-07-26T00:10:31.438+0000] {processor.py:830} INFO - Processing file /opt/airflow/dags/trigger_dbt_cloud_job.py for tasks to queue
[2024-07-26T00:10:31.440+0000] {logging_mixin.py:188} INFO - [2024-07-26T00:10:31.440+0000] {dagbag.py:540} INFO - Filling up the DagBag from /opt/airflow/dags/trigger_dbt_cloud_job.py
[2024-07-26T00:10:31.450+0000] {processor.py:840} INFO - DAG(s) 'airbyte_to_dbt_job' retrieved from /opt/airflow/dags/trigger_dbt_cloud_job.py
[2024-07-26T00:10:31.483+0000] {logging_mixin.py:188} INFO - [2024-07-26T00:10:31.483+0000] {dag.py:3047} INFO - Sync 1 DAGs
[2024-07-26T00:10:31.498+0000] {logging_mixin.py:188} INFO - [2024-07-26T00:10:31.498+0000] {dag.py:3834} INFO - Setting next_dagrun for airbyte_to_dbt_job to None, run_after=None
[2024-07-26T00:10:31.519+0000] {processor.py:183} INFO - Processing /opt/airflow/dags/trigger_dbt_cloud_job.py took 0.088 seconds
[2024-07-26T00:11:01.676+0000] {processor.py:161} INFO - Started process (PID=1363) to work on /opt/airflow/dags/trigger_dbt_cloud_job.py
[2024-07-26T00:11:01.677+0000] {processor.py:830} INFO - Processing file /opt/airflow/dags/trigger_dbt_cloud_job.py for tasks to queue
[2024-07-26T00:11:01.679+0000] {logging_mixin.py:188} INFO - [2024-07-26T00:11:01.679+0000] {dagbag.py:540} INFO - Filling up the DagBag from /opt/airflow/dags/trigger_dbt_cloud_job.py
[2024-07-26T00:11:01.688+0000] {processor.py:840} INFO - DAG(s) 'airbyte_to_dbt_job' retrieved from /opt/airflow/dags/trigger_dbt_cloud_job.py
[2024-07-26T00:11:01.718+0000] {logging_mixin.py:188} INFO - [2024-07-26T00:11:01.717+0000] {dag.py:3047} INFO - Sync 1 DAGs
[2024-07-26T00:11:01.732+0000] {logging_mixin.py:188} INFO - [2024-07-26T00:11:01.732+0000] {dag.py:3834} INFO - Setting next_dagrun for airbyte_to_dbt_job to None, run_after=None
[2024-07-26T00:11:01.752+0000] {processor.py:183} INFO - Processing /opt/airflow/dags/trigger_dbt_cloud_job.py took 0.081 seconds
[2024-07-26T00:11:31.900+0000] {processor.py:161} INFO - Started process (PID=1371) to work on /opt/airflow/dags/trigger_dbt_cloud_job.py
[2024-07-26T00:11:31.902+0000] {processor.py:830} INFO - Processing file /opt/airflow/dags/trigger_dbt_cloud_job.py for tasks to queue
[2024-07-26T00:11:31.906+0000] {logging_mixin.py:188} INFO - [2024-07-26T00:11:31.905+0000] {dagbag.py:540} INFO - Filling up the DagBag from /opt/airflow/dags/trigger_dbt_cloud_job.py
[2024-07-26T00:11:31.915+0000] {processor.py:840} INFO - DAG(s) 'airbyte_to_dbt_job' retrieved from /opt/airflow/dags/trigger_dbt_cloud_job.py
[2024-07-26T00:11:31.945+0000] {logging_mixin.py:188} INFO - [2024-07-26T00:11:31.945+0000] {dag.py:3047} INFO - Sync 1 DAGs
[2024-07-26T00:11:31.960+0000] {logging_mixin.py:188} INFO - [2024-07-26T00:11:31.960+0000] {dag.py:3834} INFO - Setting next_dagrun for airbyte_to_dbt_job to None, run_after=None
[2024-07-26T00:11:31.981+0000] {processor.py:183} INFO - Processing /opt/airflow/dags/trigger_dbt_cloud_job.py took 0.086 seconds
[2024-07-26T00:12:02.132+0000] {processor.py:161} INFO - Started process (PID=1380) to work on /opt/airflow/dags/trigger_dbt_cloud_job.py
[2024-07-26T00:12:02.135+0000] {processor.py:830} INFO - Processing file /opt/airflow/dags/trigger_dbt_cloud_job.py for tasks to queue
[2024-07-26T00:12:02.139+0000] {logging_mixin.py:188} INFO - [2024-07-26T00:12:02.139+0000] {dagbag.py:540} INFO - Filling up the DagBag from /opt/airflow/dags/trigger_dbt_cloud_job.py
[2024-07-26T00:12:02.181+0000] {processor.py:840} INFO - DAG(s) 'airbyte_to_dbt_job' retrieved from /opt/airflow/dags/trigger_dbt_cloud_job.py
[2024-07-26T00:12:02.219+0000] {logging_mixin.py:188} INFO - [2024-07-26T00:12:02.219+0000] {dag.py:3047} INFO - Sync 1 DAGs
[2024-07-26T00:12:02.239+0000] {logging_mixin.py:188} INFO - [2024-07-26T00:12:02.239+0000] {dag.py:3834} INFO - Setting next_dagrun for airbyte_to_dbt_job to None, run_after=None
[2024-07-26T00:12:02.265+0000] {processor.py:183} INFO - Processing /opt/airflow/dags/trigger_dbt_cloud_job.py took 0.139 seconds
[2024-07-26T00:12:32.412+0000] {processor.py:161} INFO - Started process (PID=1388) to work on /opt/airflow/dags/trigger_dbt_cloud_job.py
[2024-07-26T00:12:32.414+0000] {processor.py:830} INFO - Processing file /opt/airflow/dags/trigger_dbt_cloud_job.py for tasks to queue
[2024-07-26T00:12:32.417+0000] {logging_mixin.py:188} INFO - [2024-07-26T00:12:32.417+0000] {dagbag.py:540} INFO - Filling up the DagBag from /opt/airflow/dags/trigger_dbt_cloud_job.py
[2024-07-26T00:12:32.426+0000] {processor.py:840} INFO - DAG(s) 'airbyte_to_dbt_job' retrieved from /opt/airflow/dags/trigger_dbt_cloud_job.py
[2024-07-26T00:12:32.461+0000] {logging_mixin.py:188} INFO - [2024-07-26T00:12:32.460+0000] {dag.py:3047} INFO - Sync 1 DAGs
[2024-07-26T00:12:32.477+0000] {logging_mixin.py:188} INFO - [2024-07-26T00:12:32.476+0000] {dag.py:3834} INFO - Setting next_dagrun for airbyte_to_dbt_job to None, run_after=None
[2024-07-26T00:12:32.497+0000] {processor.py:183} INFO - Processing /opt/airflow/dags/trigger_dbt_cloud_job.py took 0.090 seconds
[2024-07-26T00:13:02.641+0000] {processor.py:161} INFO - Started process (PID=1396) to work on /opt/airflow/dags/trigger_dbt_cloud_job.py
[2024-07-26T00:13:02.643+0000] {processor.py:830} INFO - Processing file /opt/airflow/dags/trigger_dbt_cloud_job.py for tasks to queue
[2024-07-26T00:13:02.646+0000] {logging_mixin.py:188} INFO - [2024-07-26T00:13:02.645+0000] {dagbag.py:540} INFO - Filling up the DagBag from /opt/airflow/dags/trigger_dbt_cloud_job.py
[2024-07-26T00:13:02.655+0000] {processor.py:840} INFO - DAG(s) 'airbyte_to_dbt_job' retrieved from /opt/airflow/dags/trigger_dbt_cloud_job.py
[2024-07-26T00:13:02.686+0000] {logging_mixin.py:188} INFO - [2024-07-26T00:13:02.686+0000] {dag.py:3047} INFO - Sync 1 DAGs
[2024-07-26T00:13:02.702+0000] {logging_mixin.py:188} INFO - [2024-07-26T00:13:02.701+0000] {dag.py:3834} INFO - Setting next_dagrun for airbyte_to_dbt_job to None, run_after=None
[2024-07-26T00:13:02.723+0000] {processor.py:183} INFO - Processing /opt/airflow/dags/trigger_dbt_cloud_job.py took 0.088 seconds
[2024-07-26T00:13:32.887+0000] {processor.py:161} INFO - Started process (PID=1405) to work on /opt/airflow/dags/trigger_dbt_cloud_job.py
[2024-07-26T00:13:32.891+0000] {processor.py:830} INFO - Processing file /opt/airflow/dags/trigger_dbt_cloud_job.py for tasks to queue
[2024-07-26T00:13:32.894+0000] {logging_mixin.py:188} INFO - [2024-07-26T00:13:32.894+0000] {dagbag.py:540} INFO - Filling up the DagBag from /opt/airflow/dags/trigger_dbt_cloud_job.py
[2024-07-26T00:13:32.907+0000] {processor.py:840} INFO - DAG(s) 'airbyte_to_dbt_job' retrieved from /opt/airflow/dags/trigger_dbt_cloud_job.py
[2024-07-26T00:13:32.947+0000] {logging_mixin.py:188} INFO - [2024-07-26T00:13:32.946+0000] {dag.py:3047} INFO - Sync 1 DAGs
[2024-07-26T00:13:32.964+0000] {logging_mixin.py:188} INFO - [2024-07-26T00:13:32.964+0000] {dag.py:3834} INFO - Setting next_dagrun for airbyte_to_dbt_job to None, run_after=None
[2024-07-26T00:13:32.991+0000] {processor.py:183} INFO - Processing /opt/airflow/dags/trigger_dbt_cloud_job.py took 0.118 seconds
[2024-07-26T00:14:03.149+0000] {processor.py:161} INFO - Started process (PID=1413) to work on /opt/airflow/dags/trigger_dbt_cloud_job.py
[2024-07-26T00:14:03.155+0000] {processor.py:830} INFO - Processing file /opt/airflow/dags/trigger_dbt_cloud_job.py for tasks to queue
[2024-07-26T00:14:03.166+0000] {logging_mixin.py:188} INFO - [2024-07-26T00:14:03.165+0000] {dagbag.py:540} INFO - Filling up the DagBag from /opt/airflow/dags/trigger_dbt_cloud_job.py
[2024-07-26T00:14:03.178+0000] {processor.py:840} INFO - DAG(s) 'airbyte_to_dbt_job' retrieved from /opt/airflow/dags/trigger_dbt_cloud_job.py
[2024-07-26T00:14:03.216+0000] {logging_mixin.py:188} INFO - [2024-07-26T00:14:03.216+0000] {dag.py:3047} INFO - Sync 1 DAGs
[2024-07-26T00:14:03.235+0000] {logging_mixin.py:188} INFO - [2024-07-26T00:14:03.235+0000] {dag.py:3834} INFO - Setting next_dagrun for airbyte_to_dbt_job to None, run_after=None
[2024-07-26T00:14:03.261+0000] {processor.py:183} INFO - Processing /opt/airflow/dags/trigger_dbt_cloud_job.py took 0.117 seconds
