2024-07-25 22:16:34.223 [info] Extension host with pid 16602 started
2024-07-25 22:16:34.223 [error] Error: EEXIST: file already exists, open '/home/orbitlearningcommunity/.vscode-server/data/User/workspaceStorage/9e6be36087e5d61277de2bc2dc87812d/vscode.lock'
2024-07-25 22:16:34.231 [info] Lock '/home/orbitlearningcommunity/.vscode-server/data/User/workspaceStorage/9e6be36087e5d61277de2bc2dc87812d/vscode.lock': Could not acquire lock, checking if the file is stale.
2024-07-25 22:16:34.241 [info] Lock '/home/orbitlearningcommunity/.vscode-server/data/User/workspaceStorage/9e6be36087e5d61277de2bc2dc87812d/vscode.lock': The pid 1370 appears to be gone.
2024-07-25 22:16:34.242 [info] Lock '/home/orbitlearningcommunity/.vscode-server/data/User/workspaceStorage/9e6be36087e5d61277de2bc2dc87812d/vscode.lock': Deleting a stale lock.
2024-07-25 22:16:34.262 [info] Lock '/home/orbitlearningcommunity/.vscode-server/data/User/workspaceStorage/9e6be36087e5d61277de2bc2dc87812d/vscode.lock': Lock acquired.
2024-07-25 22:16:38.577 [info] ExtensionService#_doActivateExtension vscode.emmet, startup: false, activationEvent: 'onLanguage'
2024-07-25 22:16:38.578 [info] ExtensionService#_doActivateExtension vscode.tunnel-forwarding, startup: false, activationEvent: 'onTunnel'
2024-07-25 22:16:39.064 [info] ExtensionService#_doActivateExtension vscode.git-base, startup: true, activationEvent: '*', root cause: vscode.git
2024-07-25 22:16:42.027 [info] ExtensionService#_doActivateExtension vscode.git, startup: true, activationEvent: '*'
2024-07-25 22:16:42.028 [info] ExtensionService#_doActivateExtension vscode.github, startup: true, activationEvent: '*'
2024-07-25 22:16:43.412 [info] Eager extensions activated
2024-07-25 22:16:43.412 [info] ExtensionService#_doActivateExtension vscode.debug-auto-launch, startup: false, activationEvent: 'onStartupFinished'
2024-07-25 22:16:43.414 [info] ExtensionService#_doActivateExtension vscode.merge-conflict, startup: false, activationEvent: 'onStartupFinished'
2024-07-25 22:25:00.319 [info] ExtensionService#_doActivateExtension vscode.npm, startup: false, activationEvent: 'onTerminalQuickFixRequest:ms-vscode.npm-command'
2024-07-26 00:18:28.453 [warning] [Decorations] CAPPING events from decorations provider vscode.git 1300
2024-07-26 00:18:28.881 [warning] [Decorations] CAPPING events from decorations provider vscode.git 1300
2024-07-26 00:18:31.283 [warning] [Decorations] CAPPING events from decorations provider vscode.git 1300
2024-07-26 00:18:36.350 [warning] [Decorations] CAPPING events from decorations provider vscode.git 1300
2024-07-26 00:18:41.411 [warning] [Decorations] CAPPING events from decorations provider vscode.git 1300
2024-07-26 00:18:46.474 [warning] [Decorations] CAPPING events from decorations provider vscode.git 1300
2024-07-26 00:18:51.535 [warning] [Decorations] CAPPING events from decorations provider vscode.git 1300
2024-07-26 00:18:56.629 [warning] [Decorations] CAPPING events from decorations provider vscode.git 1300
2024-07-26 00:19:02.613 [warning] [Decorations] CAPPING events from decorations provider vscode.git 1300
