2024-07-24 23:21:50.353 [info] Log level: Info
2024-07-24 23:21:50.353 [info] Validating found git in: "git"
2024-07-24 23:21:50.353 [info] Using git "2.39.2" from "git"
2024-07-24 23:21:50.353 [info] > git rev-parse --show-toplevel [2ms]
2024-07-24 23:21:50.353 [info] fatal: not a git repository (or any of the parent directories): .git
2024-07-24 23:21:50.353 [info] > git rev-parse --show-toplevel [3ms]
2024-07-24 23:21:50.354 [info] > git rev-parse --git-dir --git-common-dir [1ms]
2024-07-24 23:21:50.355 [info] Open repository: /home/orbitlearningcommunity/airbyte
2024-07-24 23:21:50.355 [info] > git rev-parse --show-toplevel [2ms]
2024-07-24 23:21:50.355 [info] fatal: not a git repository (or any of the parent directories): .git
2024-07-24 23:21:50.356 [info] > git config --get commit.template [7ms]
2024-07-24 23:21:50.356 [info] > git rev-parse --show-toplevel [6ms]
2024-07-24 23:21:50.356 [info] fatal: not a git repository (or any of the parent directories): .git
2024-07-24 23:21:50.357 [info] > git rev-parse --show-toplevel [1ms]
2024-07-24 23:21:50.357 [info] fatal: not a git repository (or any of the parent directories): .git
2024-07-24 23:21:50.357 [info] > git for-each-ref --format=%(refname)%00%(upstream:short)%00%(objectname)%00%(upstream:track)%00%(upstream:remotename)%00%(upstream:remoteref) refs/heads/master refs/remotes/master [13ms]
2024-07-24 23:21:50.357 [info] > git rev-parse --show-toplevel [2ms]
2024-07-24 23:21:50.358 [info] fatal: not a git repository (or any of the parent directories): .git
2024-07-24 23:21:50.358 [warning] ENOENT: no such file or directory, open '/home/orbitlearningcommunity/airbyte/.git/refs/remotes/origin/master'
2024-07-24 23:21:50.358 [info] > git rev-parse refs/remotes/origin/master [1ms]
2024-07-24 23:21:51.057 [info] > git show --textconv :.env [15ms]
2024-07-24 23:21:51.062 [info] > git ls-files --stage -- /home/orbitlearningcommunity/airbyte/.env [13ms]
2024-07-24 23:21:51.093 [info] > git check-ignore -v -z --stdin [37ms]
2024-07-24 23:21:52.432 [info] > git status -z -uall [2215ms]
2024-07-24 23:21:52.452 [info] > git merge-base refs/heads/master refs/remotes/origin/master [13ms]
2024-07-24 23:21:52.460 [info] > git config --get commit.template [8ms]
2024-07-24 23:21:52.461 [info] > git rev-list --count --left-right refs/heads/master...refs/remotes/origin/master [2ms]
2024-07-24 23:21:52.472 [info] > git diff --name-status -z --diff-filter=ADMR 5787132d5df833ee4329bcffea2579f967f50871...refs/remotes/origin/master [6ms]
2024-07-24 23:21:52.474 [info] > git for-each-ref --format=%(refname)%00%(upstream:short)%00%(objectname)%00%(upstream:track)%00%(upstream:remotename)%00%(upstream:remoteref) refs/heads/master refs/remotes/master [3ms]
2024-07-24 23:21:52.479 [warning] ENOENT: no such file or directory, open '/home/orbitlearningcommunity/airbyte/.git/refs/remotes/origin/master'
2024-07-24 23:21:52.480 [info] > git rev-parse refs/remotes/origin/master [1ms]
2024-07-24 23:21:53.109 [info] > git status -z -uall [625ms]
2024-07-24 23:24:44.857 [info] > git check-ignore -v -z --stdin [11ms]
2024-07-24 23:24:49.107 [info] > git rev-parse --show-toplevel [1ms]
2024-07-24 23:24:49.107 [info] fatal: not a git repository (or any of the parent directories): .git
