[2024-07-25T23:56:08.356+0000] {processor.py:161} INFO - Started process (PID=1107) to work on /opt/airflow/dags/dbt_dag.py
[2024-07-25T23:56:08.357+0000] {processor.py:830} INFO - Processing file /opt/airflow/dags/dbt_dag.py for tasks to queue
[2024-07-25T23:56:08.360+0000] {logging_mixin.py:188} INFO - [2024-07-25T23:56:08.360+0000] {dagbag.py:540} INFO - Filling up the DagBag from /opt/airflow/dags/dbt_dag.py
[2024-07-25T23:56:08.368+0000] {processor.py:840} INFO - DAG(s) 'airbyte_to_dbt_job' retrieved from /opt/airflow/dags/dbt_dag.py
[2024-07-25T23:56:08.461+0000] {logging_mixin.py:188} INFO - [2024-07-25T23:56:08.461+0000] {dag.py:3047} INFO - Sync 1 DAGs
[2024-07-25T23:56:08.472+0000] {logging_mixin.py:188} INFO - [2024-07-25T23:56:08.472+0000] {dag.py:3834} INFO - Setting next_dagrun for airbyte_to_dbt_job to None, run_after=None
[2024-07-25T23:56:08.494+0000] {processor.py:183} INFO - Processing /opt/airflow/dags/dbt_dag.py took 0.143 seconds
[2024-07-25T23:56:38.584+0000] {processor.py:161} INFO - Started process (PID=1116) to work on /opt/airflow/dags/dbt_dag.py
[2024-07-25T23:56:38.585+0000] {processor.py:830} INFO - Processing file /opt/airflow/dags/dbt_dag.py for tasks to queue
[2024-07-25T23:56:38.587+0000] {logging_mixin.py:188} INFO - [2024-07-25T23:56:38.587+0000] {dagbag.py:540} INFO - Filling up the DagBag from /opt/airflow/dags/dbt_dag.py
[2024-07-25T23:56:38.594+0000] {processor.py:840} INFO - DAG(s) 'airbyte_to_dbt_job' retrieved from /opt/airflow/dags/dbt_dag.py
[2024-07-25T23:56:38.623+0000] {logging_mixin.py:188} INFO - [2024-07-25T23:56:38.622+0000] {dag.py:3047} INFO - Sync 1 DAGs
[2024-07-25T23:56:38.636+0000] {logging_mixin.py:188} INFO - [2024-07-25T23:56:38.636+0000] {dag.py:3834} INFO - Setting next_dagrun for airbyte_to_dbt_job to None, run_after=None
[2024-07-25T23:56:38.654+0000] {processor.py:183} INFO - Processing /opt/airflow/dags/dbt_dag.py took 0.075 seconds
[2024-07-25T23:57:08.818+0000] {processor.py:161} INFO - Started process (PID=1125) to work on /opt/airflow/dags/dbt_dag.py
[2024-07-25T23:57:08.821+0000] {processor.py:830} INFO - Processing file /opt/airflow/dags/dbt_dag.py for tasks to queue
[2024-07-25T23:57:08.830+0000] {logging_mixin.py:188} INFO - [2024-07-25T23:57:08.830+0000] {dagbag.py:540} INFO - Filling up the DagBag from /opt/airflow/dags/dbt_dag.py
[2024-07-25T23:57:08.844+0000] {processor.py:840} INFO - DAG(s) 'airbyte_to_dbt_job' retrieved from /opt/airflow/dags/dbt_dag.py
[2024-07-25T23:57:08.883+0000] {logging_mixin.py:188} INFO - [2024-07-25T23:57:08.883+0000] {dag.py:3047} INFO - Sync 1 DAGs
[2024-07-25T23:57:08.915+0000] {logging_mixin.py:188} INFO - [2024-07-25T23:57:08.915+0000] {dag.py:3834} INFO - Setting next_dagrun for airbyte_to_dbt_job to None, run_after=None
[2024-07-25T23:57:08.958+0000] {processor.py:183} INFO - Processing /opt/airflow/dags/dbt_dag.py took 0.155 seconds
[2024-07-25T23:57:39.125+0000] {processor.py:161} INFO - Started process (PID=1134) to work on /opt/airflow/dags/dbt_dag.py
[2024-07-25T23:57:39.127+0000] {processor.py:830} INFO - Processing file /opt/airflow/dags/dbt_dag.py for tasks to queue
[2024-07-25T23:57:39.130+0000] {logging_mixin.py:188} INFO - [2024-07-25T23:57:39.129+0000] {dagbag.py:540} INFO - Filling up the DagBag from /opt/airflow/dags/dbt_dag.py
[2024-07-25T23:57:39.138+0000] {processor.py:840} INFO - DAG(s) 'airbyte_to_dbt_job' retrieved from /opt/airflow/dags/dbt_dag.py
[2024-07-25T23:57:39.218+0000] {logging_mixin.py:188} INFO - [2024-07-25T23:57:39.217+0000] {dag.py:3047} INFO - Sync 1 DAGs
[2024-07-25T23:57:39.229+0000] {logging_mixin.py:188} INFO - [2024-07-25T23:57:39.228+0000] {dag.py:3834} INFO - Setting next_dagrun for airbyte_to_dbt_job to None, run_after=None
[2024-07-25T23:57:39.249+0000] {processor.py:183} INFO - Processing /opt/airflow/dags/dbt_dag.py took 0.128 seconds
[2024-07-25T23:58:09.404+0000] {processor.py:161} INFO - Started process (PID=1141) to work on /opt/airflow/dags/dbt_dag.py
[2024-07-25T23:58:09.409+0000] {processor.py:830} INFO - Processing file /opt/airflow/dags/dbt_dag.py for tasks to queue
[2024-07-25T23:58:09.412+0000] {logging_mixin.py:188} INFO - [2024-07-25T23:58:09.412+0000] {dagbag.py:540} INFO - Filling up the DagBag from /opt/airflow/dags/dbt_dag.py
[2024-07-25T23:58:09.419+0000] {processor.py:840} INFO - DAG(s) 'airbyte_to_dbt_job' retrieved from /opt/airflow/dags/dbt_dag.py
[2024-07-25T23:58:09.448+0000] {logging_mixin.py:188} INFO - [2024-07-25T23:58:09.448+0000] {dag.py:3047} INFO - Sync 1 DAGs
[2024-07-25T23:58:09.462+0000] {logging_mixin.py:188} INFO - [2024-07-25T23:58:09.462+0000] {dag.py:3834} INFO - Setting next_dagrun for airbyte_to_dbt_job to None, run_after=None
[2024-07-25T23:58:09.483+0000] {processor.py:183} INFO - Processing /opt/airflow/dags/dbt_dag.py took 0.084 seconds
[2024-07-25T23:58:39.645+0000] {processor.py:161} INFO - Started process (PID=1149) to work on /opt/airflow/dags/dbt_dag.py
[2024-07-25T23:58:39.646+0000] {processor.py:830} INFO - Processing file /opt/airflow/dags/dbt_dag.py for tasks to queue
[2024-07-25T23:58:39.650+0000] {logging_mixin.py:188} INFO - [2024-07-25T23:58:39.650+0000] {dagbag.py:540} INFO - Filling up the DagBag from /opt/airflow/dags/dbt_dag.py
[2024-07-25T23:58:39.657+0000] {processor.py:840} INFO - DAG(s) 'airbyte_to_dbt_job' retrieved from /opt/airflow/dags/dbt_dag.py
[2024-07-25T23:58:39.673+0000] {logging_mixin.py:188} INFO - [2024-07-25T23:58:39.672+0000] {dag.py:3047} INFO - Sync 1 DAGs
[2024-07-25T23:58:39.690+0000] {logging_mixin.py:188} INFO - [2024-07-25T23:58:39.689+0000] {dag.py:3834} INFO - Setting next_dagrun for airbyte_to_dbt_job to None, run_after=None
[2024-07-25T23:58:39.711+0000] {processor.py:183} INFO - Processing /opt/airflow/dags/dbt_dag.py took 0.071 seconds
[2024-07-25T23:59:09.863+0000] {processor.py:161} INFO - Started process (PID=1158) to work on /opt/airflow/dags/dbt_dag.py
[2024-07-25T23:59:09.865+0000] {processor.py:830} INFO - Processing file /opt/airflow/dags/dbt_dag.py for tasks to queue
[2024-07-25T23:59:09.869+0000] {logging_mixin.py:188} INFO - [2024-07-25T23:59:09.868+0000] {dagbag.py:540} INFO - Filling up the DagBag from /opt/airflow/dags/dbt_dag.py
[2024-07-25T23:59:09.876+0000] {processor.py:840} INFO - DAG(s) 'airbyte_to_dbt_job' retrieved from /opt/airflow/dags/dbt_dag.py
[2024-07-25T23:59:09.954+0000] {logging_mixin.py:188} INFO - [2024-07-25T23:59:09.954+0000] {dag.py:3047} INFO - Sync 1 DAGs
[2024-07-25T23:59:09.967+0000] {logging_mixin.py:188} INFO - [2024-07-25T23:59:09.966+0000] {dag.py:3834} INFO - Setting next_dagrun for airbyte_to_dbt_job to None, run_after=None
[2024-07-25T23:59:09.986+0000] {processor.py:183} INFO - Processing /opt/airflow/dags/dbt_dag.py took 0.127 seconds
[2024-07-25T23:59:22.001+0000] {processor.py:161} INFO - Started process (PID=1166) to work on /opt/airflow/dags/dbt_dag.py
[2024-07-25T23:59:22.003+0000] {processor.py:830} INFO - Processing file /opt/airflow/dags/dbt_dag.py for tasks to queue
[2024-07-25T23:59:22.010+0000] {logging_mixin.py:188} INFO - [2024-07-25T23:59:22.009+0000] {dagbag.py:540} INFO - Filling up the DagBag from /opt/airflow/dags/dbt_dag.py
[2024-07-25T23:59:22.024+0000] {processor.py:840} INFO - DAG(s) 'dbt_job' retrieved from /opt/airflow/dags/dbt_dag.py
[2024-07-25T23:59:22.159+0000] {logging_mixin.py:188} INFO - [2024-07-25T23:59:22.158+0000] {override.py:1769} INFO - Created Permission View: can read on DAG:dbt_job
[2024-07-25T23:59:22.173+0000] {logging_mixin.py:188} INFO - [2024-07-25T23:59:22.172+0000] {override.py:1769} INFO - Created Permission View: can edit on DAG:dbt_job
[2024-07-25T23:59:22.182+0000] {logging_mixin.py:188} INFO - [2024-07-25T23:59:22.182+0000] {override.py:1769} INFO - Created Permission View: can delete on DAG:dbt_job
[2024-07-25T23:59:22.183+0000] {logging_mixin.py:188} INFO - [2024-07-25T23:59:22.183+0000] {dag.py:3047} INFO - Sync 1 DAGs
[2024-07-25T23:59:22.201+0000] {logging_mixin.py:188} INFO - [2024-07-25T23:59:22.201+0000] {dag.py:3069} INFO - Creating ORM DAG for dbt_job
[2024-07-25T23:59:22.203+0000] {logging_mixin.py:188} INFO - [2024-07-25T23:59:22.202+0000] {dag.py:3834} INFO - Setting next_dagrun for dbt_job to None, run_after=None
[2024-07-25T23:59:22.225+0000] {processor.py:183} INFO - Processing /opt/airflow/dags/dbt_dag.py took 0.230 seconds
[2024-07-25T23:59:52.277+0000] {processor.py:161} INFO - Started process (PID=1175) to work on /opt/airflow/dags/dbt_dag.py
[2024-07-25T23:59:52.284+0000] {processor.py:830} INFO - Processing file /opt/airflow/dags/dbt_dag.py for tasks to queue
[2024-07-25T23:59:52.288+0000] {logging_mixin.py:188} INFO - [2024-07-25T23:59:52.288+0000] {dagbag.py:540} INFO - Filling up the DagBag from /opt/airflow/dags/dbt_dag.py
[2024-07-25T23:59:52.297+0000] {processor.py:840} INFO - DAG(s) 'dbt_job' retrieved from /opt/airflow/dags/dbt_dag.py
[2024-07-25T23:59:52.336+0000] {logging_mixin.py:188} INFO - [2024-07-25T23:59:52.335+0000] {dag.py:3047} INFO - Sync 1 DAGs
[2024-07-25T23:59:52.351+0000] {logging_mixin.py:188} INFO - [2024-07-25T23:59:52.351+0000] {dag.py:3834} INFO - Setting next_dagrun for dbt_job to None, run_after=None
[2024-07-25T23:59:52.386+0000] {processor.py:183} INFO - Processing /opt/airflow/dags/dbt_dag.py took 0.113 seconds
